[2026-05-01 22:30:01] ✅ Google DNS:53 — UP
[2026-05-01 22:30:01] ✅ Cloudflare:53 — UP
[2026-05-01 22:30:01] ❌ GitHub:443 — DOWN
[2026-05-01 22:30:01] ✅ Oracle Cloud:443 — UP
[2026-05-01 22:35:01] ✅ Google DNS:53 — UP
[2026-05-01 22:35:01] ✅ Cloudflare:53 — UP
[2026-05-01 22:35:01] ❌ GitHub:443 — DOWN
[2026-05-01 22:35:01] ✅ Oracle Cloud:443 — UP
[2026-05-01 22:40:01] ✅ Google DNS:53 — UP
[2026-05-01 22:40:01] ✅ Cloudflare:53 — UP
[2026-05-01 22:40:01] ❌ GitHub:443 — DOWN
[2026-05-01 22:40:01] ✅ Oracle Cloud:443 — UP
[2026-05-01 22:45:02] ✅ Google DNS:53 — UP
[2026-05-01 22:45:02] ✅ Cloudflare:53 — UP
[2026-05-01 22:45:02] ❌ GitHub:443 — DOWN
[2026-05-01 22:45:02] ✅ Oracle Cloud:443 — UP
[2026-05-01 22:50:01] ✅ Google DNS:53 — UP
[2026-05-01 22:50:01] ✅ Cloudflare:53 — UP
[2026-05-01 22:50:01] ❌ GitHub:443 — DOWN
[2026-05-01 22:50:01] ✅ Oracle Cloud:443 — UP
[2026-05-01 22:55:01] ✅ Google DNS:53 — UP
[2026-05-01 22:55:01] ✅ Cloudflare:53 — UP
[2026-05-01 22:55:01] ❌ GitHub:443 — DOWN
[2026-05-01 22:55:01] ✅ Oracle Cloud:443 — UP
[2026-05-01 23:00:01] ✅ Google DNS:53 — UP
[2026-05-01 23:00:01] ✅ Cloudflare:53 — UP
[2026-05-01 23:00:01] ❌ GitHub:443 — DOWN
[2026-05-01 23:00:01] ✅ Oracle Cloud:443 — UP
[2026-05-01 23:05:01] ✅ Google DNS:53 — UP
[2026-05-01 23:05:01] ✅ Cloudflare:53 — UP
[2026-05-01 23:05:01] ❌ GitHub:443 — DOWN
[2026-05-01 23:05:01] ✅ Oracle Cloud:443 — UP
[2026-05-01 23:10:01] ✅ Google DNS:53 — UP
[2026-05-01 23:10:01] ✅ Cloudflare:53 — UP
[2026-05-01 23:10:01] ❌ GitHub:443 — DOWN
[2026-05-01 23:10:01] ✅ Oracle Cloud:443 — UP
[2026-05-01 23:15:01] ✅ Google DNS:53 — UP
[2026-05-01 23:15:01] ✅ Cloudflare:53 — UP
[2026-05-01 23:15:01] ❌ GitHub:443 — DOWN
[2026-05-01 23:15:01] ✅ Oracle Cloud:443 — UP
[2026-05-01 23:20:01] ✅ Google DNS:53 — UP
[2026-05-01 23:20:01] ✅ Cloudflare:53 — UP
[2026-05-01 23:20:01] ❌ GitHub:443 — DOWN
[2026-05-01 23:20:01] ✅ Oracle Cloud:443 — UP
[2026-05-01 23:25:01] ✅ Google DNS:53 — UP
[2026-05-01 23:25:01] ✅ Cloudflare:53 — UP
[2026-05-01 23:25:01] ❌ GitHub:443 — DOWN
[2026-05-01 23:25:01] ✅ Oracle Cloud:443 — UP
[2026-05-01 23:30:01] ✅ Google DNS:53 — UP
[2026-05-01 23:30:01] ✅ Cloudflare:53 — UP
[2026-05-01 23:30:01] ❌ GitHub:443 — DOWN
[2026-05-01 23:30:01] ✅ Oracle Cloud:443 — UP
[2026-05-01 23:35:01] ✅ Google DNS:53 — UP
[2026-05-01 23:35:01] ✅ Cloudflare:53 — UP
[2026-05-01 23:35:01] ❌ GitHub:443 — DOWN
[2026-05-01 23:35:01] ✅ Oracle Cloud:443 — UP
[2026-05-01 23:40:01] ✅ Google DNS:53 — UP
[2026-05-01 23:40:01] ✅ Cloudflare:53 — UP
[2026-05-01 23:40:01] ❌ GitHub:443 — DOWN
[2026-05-01 23:40:01] ✅ Oracle Cloud:443 — UP
[2026-05-01 23:45:01] ✅ Google DNS:53 — UP
[2026-05-01 23:45:01] ✅ Cloudflare:53 — UP
[2026-05-01 23:45:01] ❌ GitHub:443 — DOWN
[2026-05-01 23:45:01] ✅ Oracle Cloud:443 — UP
[2026-05-01 23:50:01] ✅ Google DNS:53 — UP
[2026-05-01 23:50:01] ✅ Cloudflare:53 — UP
[2026-05-01 23:50:01] ❌ GitHub:443 — DOWN
[2026-05-01 23:50:01] ✅ Oracle Cloud:443 — UP
[2026-05-01 23:55:01] ✅ Google DNS:53 — UP
[2026-05-01 23:55:01] ✅ Cloudflare:53 — UP
[2026-05-01 23:55:01] ❌ GitHub:443 — DOWN
[2026-05-01 23:55:01] ✅ Oracle Cloud:443 — UP
[2026-05-02 00:00:01] ✅ Google DNS:53 — UP
[2026-05-02 00:00:01] ✅ Cloudflare:53 — UP
[2026-05-02 00:00:01] ❌ GitHub:443 — DOWN
[2026-05-02 00:00:01] ✅ Oracle Cloud:443 — UP
[2026-05-02 00:05:01] ✅ Google DNS:53 — UP
[2026-05-02 00:05:01] ✅ Cloudflare:53 — UP
[2026-05-02 00:05:01] ❌ GitHub:443 — DOWN
[2026-05-02 00:05:01] ✅ Oracle Cloud:443 — UP
[2026-05-02 00:10:01] ✅ Google DNS:53 — UP
[2026-05-02 00:10:01] ✅ Cloudflare:53 — UP
[2026-05-02 00:10:01] ❌ GitHub:443 — DOWN
[2026-05-02 00:10:01] ✅ Oracle Cloud:443 — UP
[2026-05-02 00:15:01] ✅ Google DNS:53 — UP
[2026-05-02 00:15:01] ✅ Cloudflare:53 — UP
[2026-05-02 00:15:01] ❌ GitHub:443 — DOWN
[2026-05-02 00:15:01] ✅ Oracle Cloud:443 — UP
[2026-05-02 00:20:01] ✅ Google DNS:53 — UP
[2026-05-02 00:20:01] ✅ Cloudflare:53 — UP
[2026-05-02 00:20:01] ❌ GitHub:443 — DOWN
[2026-05-02 00:20:01] ✅ Oracle Cloud:443 — UP
[2026-05-02 00:25:01] ✅ Google DNS:53 — UP
[2026-05-02 00:25:01] ✅ Cloudflare:53 — UP
[2026-05-02 00:25:01] ❌ GitHub:443 — DOWN
[2026-05-02 00:25:01] ✅ Oracle Cloud:443 — UP
[2026-05-02 00:30:01] ✅ Google DNS:53 — UP
[2026-05-02 00:30:01] ✅ Cloudflare:53 — UP
[2026-05-02 00:30:01] ❌ GitHub:443 — DOWN
[2026-05-02 00:30:01] ✅ Oracle Cloud:443 — UP
[2026-05-02 00:35:01] ✅ Google DNS:53 — UP
[2026-05-02 00:35:01] ✅ Cloudflare:53 — UP
[2026-05-02 00:35:01] ❌ GitHub:443 — DOWN
[2026-05-02 00:35:01] ✅ Oracle Cloud:443 — UP
[2026-05-02 00:40:01] ✅ Google DNS:53 — UP
[2026-05-02 00:40:01] ✅ Cloudflare:53 — UP
[2026-05-02 00:40:01] ❌ GitHub:443 — DOWN
[2026-05-02 00:40:01] ✅ Oracle Cloud:443 — UP
[2026-05-02 00:45:01] ✅ Google DNS:53 — UP
[2026-05-02 00:45:01] ✅ Cloudflare:53 — UP
[2026-05-02 00:45:01] ❌ GitHub:443 — DOWN
[2026-05-02 00:45:01] ✅ Oracle Cloud:443 — UP
[2026-05-02 00:50:02] ✅ Google DNS:53 — UP
[2026-05-02 00:50:02] ✅ Cloudflare:53 — UP
[2026-05-02 00:50:02] ❌ GitHub:443 — DOWN
[2026-05-02 00:50:02] ✅ Oracle Cloud:443 — UP
[2026-05-02 00:55:01] ✅ Google DNS:53 — UP
[2026-05-02 00:55:01] ✅ Cloudflare:53 — UP
[2026-05-02 00:55:01] ❌ GitHub:443 — DOWN
[2026-05-02 00:55:01] ✅ Oracle Cloud:443 — UP
[2026-05-02 01:00:01] ✅ Google DNS:53 — UP
[2026-05-02 01:00:01] ✅ Cloudflare:53 — UP
[2026-05-02 01:00:01] ❌ GitHub:443 — DOWN
[2026-05-02 01:00:01] ✅ Oracle Cloud:443 — UP
[2026-05-02 01:05:01] ✅ Google DNS:53 — UP
[2026-05-02 01:05:01] ✅ Cloudflare:53 — UP
[2026-05-02 01:05:01] ❌ GitHub:443 — DOWN
[2026-05-02 01:05:01] ✅ Oracle Cloud:443 — UP
[2026-05-02 01:10:01] ✅ Google DNS:53 — UP
[2026-05-02 01:10:01] ✅ Cloudflare:53 — UP
[2026-05-02 01:10:01] ❌ GitHub:443 — DOWN
[2026-05-02 01:10:01] ✅ Oracle Cloud:443 — UP
[2026-05-02 01:15:01] ✅ Google DNS:53 — UP
[2026-05-02 01:15:01] ✅ Cloudflare:53 — UP
[2026-05-02 01:15:01] ❌ GitHub:443 — DOWN
[2026-05-02 01:15:01] ✅ Oracle Cloud:443 — UP
[2026-05-02 01:20:01] ✅ Google DNS:53 — UP
[2026-05-02 01:20:01] ✅ Cloudflare:53 — UP
[2026-05-02 01:20:01] ❌ GitHub:443 — DOWN
[2026-05-02 01:20:01] ✅ Oracle Cloud:443 — UP
[2026-05-02 01:25:01] ✅ Google DNS:53 — UP
[2026-05-02 01:25:01] ✅ Cloudflare:53 — UP
[2026-05-02 01:25:01] ❌ GitHub:443 — DOWN
[2026-05-02 01:25:01] ✅ Oracle Cloud:443 — UP
[2026-05-02 01:30:01] ✅ Google DNS:53 — UP
[2026-05-02 01:30:01] ✅ Cloudflare:53 — UP
[2026-05-02 01:30:01] ❌ GitHub:443 — DOWN
[2026-05-02 01:30:01] ✅ Oracle Cloud:443 — UP
[2026-05-02 01:35:01] ✅ Google DNS:53 — UP
[2026-05-02 01:35:01] ✅ Cloudflare:53 — UP
[2026-05-02 01:35:01] ❌ GitHub:443 — DOWN
[2026-05-02 01:35:01] ✅ Oracle Cloud:443 — UP
[2026-05-02 01:40:01] ✅ Google DNS:53 — UP
[2026-05-02 01:40:01] ✅ Cloudflare:53 — UP
[2026-05-02 01:40:01] ❌ GitHub:443 — DOWN
[2026-05-02 01:40:01] ✅ Oracle Cloud:443 — UP
[2026-05-02 01:45:01] ✅ Google DNS:53 — UP
[2026-05-02 01:45:01] ✅ Cloudflare:53 — UP
[2026-05-02 01:45:01] ❌ GitHub:443 — DOWN
[2026-05-02 01:45:01] ✅ Oracle Cloud:443 — UP
[2026-05-02 01:50:01] ✅ Google DNS:53 — UP
[2026-05-02 01:50:01] ✅ Cloudflare:53 — UP
[2026-05-02 01:50:01] ❌ GitHub:443 — DOWN
[2026-05-02 01:50:01] ✅ Oracle Cloud:443 — UP
[2026-05-02 01:55:01] ✅ Google DNS:53 — UP
[2026-05-02 01:55:01] ✅ Cloudflare:53 — UP
[2026-05-02 01:55:01] ❌ GitHub:443 — DOWN
[2026-05-02 01:55:01] ✅ Oracle Cloud:443 — UP
[2026-05-02 02:00:01] ✅ Google DNS:53 — UP
[2026-05-02 02:00:01] ✅ Cloudflare:53 — UP
[2026-05-02 02:00:01] ❌ GitHub:443 — DOWN
[2026-05-02 02:00:01] ✅ Oracle Cloud:443 — UP
[2026-05-02 02:05:01] ✅ Google DNS:53 — UP
[2026-05-02 02:05:01] ✅ Cloudflare:53 — UP
[2026-05-02 02:05:01] ❌ GitHub:443 — DOWN
[2026-05-02 02:05:01] ✅ Oracle Cloud:443 — UP
[2026-05-02 02:10:01] ✅ Google DNS:53 — UP
[2026-05-02 02:10:01] ✅ Cloudflare:53 — UP
[2026-05-02 02:10:01] ❌ GitHub:443 — DOWN
[2026-05-02 02:10:01] ✅ Oracle Cloud:443 — UP
[2026-05-02 02:15:02] ✅ Google DNS:53 — UP
[2026-05-02 02:15:02] ✅ Cloudflare:53 — UP
[2026-05-02 02:15:02] ❌ GitHub:443 — DOWN
[2026-05-02 02:15:02] ✅ Oracle Cloud:443 — UP
[2026-05-02 02:20:01] ✅ Google DNS:53 — UP
[2026-05-02 02:20:01] ✅ Cloudflare:53 — UP
[2026-05-02 02:20:01] ❌ GitHub:443 — DOWN
[2026-05-02 02:20:01] ✅ Oracle Cloud:443 — UP
[2026-05-02 02:25:01] ✅ Google DNS:53 — UP
[2026-05-02 02:25:01] ✅ Cloudflare:53 — UP
[2026-05-02 02:25:01] ❌ GitHub:443 — DOWN
[2026-05-02 02:25:01] ✅ Oracle Cloud:443 — UP
[2026-05-02 02:30:01] ✅ Google DNS:53 — UP
[2026-05-02 02:30:01] ✅ Cloudflare:53 — UP
[2026-05-02 02:30:01] ❌ GitHub:443 — DOWN
[2026-05-02 02:30:01] ✅ Oracle Cloud:443 — UP
[2026-05-02 02:35:01] ✅ Google DNS:53 — UP
[2026-05-02 02:35:01] ✅ Cloudflare:53 — UP
[2026-05-02 02:35:01] ❌ GitHub:443 — DOWN
[2026-05-02 02:35:01] ✅ Oracle Cloud:443 — UP
[2026-05-02 02:40:01] ✅ Google DNS:53 — UP
[2026-05-02 02:40:01] ✅ Cloudflare:53 — UP
[2026-05-02 02:40:01] ❌ GitHub:443 — DOWN
[2026-05-02 02:40:01] ✅ Oracle Cloud:443 — UP
[2026-05-02 02:45:01] ✅ Google DNS:53 — UP
[2026-05-02 02:45:01] ✅ Cloudflare:53 — UP
[2026-05-02 02:45:01] ❌ GitHub:443 — DOWN
[2026-05-02 02:45:01] ✅ Oracle Cloud:443 — UP
[2026-05-02 02:50:01] ✅ Google DNS:53 — UP
[2026-05-02 02:50:01] ✅ Cloudflare:53 — UP
[2026-05-02 02:50:01] ❌ GitHub:443 — DOWN
[2026-05-02 02:50:01] ✅ Oracle Cloud:443 — UP
[2026-05-02 02:55:01] ✅ Google DNS:53 — UP
[2026-05-02 02:55:01] ✅ Cloudflare:53 — UP
[2026-05-02 02:55:01] ❌ GitHub:443 — DOWN
[2026-05-02 02:55:01] ✅ Oracle Cloud:443 — UP
[2026-05-02 03:00:01] ✅ Google DNS:53 — UP
[2026-05-02 03:00:01] ✅ Cloudflare:53 — UP
[2026-05-02 03:00:01] ❌ GitHub:443 — DOWN
[2026-05-02 03:00:01] ✅ Oracle Cloud:443 — UP
[2026-05-02 03:05:01] ✅ Google DNS:53 — UP
[2026-05-02 03:05:01] ✅ Cloudflare:53 — UP
[2026-05-02 03:05:01] ❌ GitHub:443 — DOWN
[2026-05-02 03:05:01] ✅ Oracle Cloud:443 — UP
[2026-05-02 03:10:01] ✅ Google DNS:53 — UP
[2026-05-02 03:10:01] ✅ Cloudflare:53 — UP
[2026-05-02 03:10:01] ❌ GitHub:443 — DOWN
[2026-05-02 03:10:01] ✅ Oracle Cloud:443 — UP
[2026-05-02 03:15:01] ✅ Google DNS:53 — UP
[2026-05-02 03:15:01] ✅ Cloudflare:53 — UP
[2026-05-02 03:15:01] ❌ GitHub:443 — DOWN
[2026-05-02 03:15:01] ✅ Oracle Cloud:443 — UP
[2026-05-02 03:20:01] ✅ Google DNS:53 — UP
[2026-05-02 03:20:01] ✅ Cloudflare:53 — UP
[2026-05-02 03:20:01] ❌ GitHub:443 — DOWN
[2026-05-02 03:20:01] ✅ Oracle Cloud:443 — UP
[2026-05-02 03:25:01] ✅ Google DNS:53 — UP
[2026-05-02 03:25:01] ✅ Cloudflare:53 — UP
[2026-05-02 03:25:01] ❌ GitHub:443 — DOWN
[2026-05-02 03:25:01] ✅ Oracle Cloud:443 — UP
[2026-05-02 03:30:01] ✅ Google DNS:53 — UP
[2026-05-02 03:30:01] ✅ Cloudflare:53 — UP
[2026-05-02 03:30:01] ❌ GitHub:443 — DOWN
[2026-05-02 03:30:01] ✅ Oracle Cloud:443 — UP
[2026-05-02 03:35:01] ✅ Google DNS:53 — UP
[2026-05-02 03:35:01] ✅ Cloudflare:53 — UP
[2026-05-02 03:35:01] ❌ GitHub:443 — DOWN
[2026-05-02 03:35:01] ✅ Oracle Cloud:443 — UP
[2026-05-02 03:40:01] ✅ Google DNS:53 — UP
[2026-05-02 03:40:01] ✅ Cloudflare:53 — UP
[2026-05-02 03:40:01] ❌ GitHub:443 — DOWN
[2026-05-02 03:40:01] ✅ Oracle Cloud:443 — UP
[2026-05-02 03:45:01] ✅ Google DNS:53 — UP
[2026-05-02 03:45:01] ✅ Cloudflare:53 — UP
[2026-05-02 03:45:01] ❌ GitHub:443 — DOWN
[2026-05-02 03:45:01] ✅ Oracle Cloud:443 — UP
[2026-05-02 03:50:01] ✅ Google DNS:53 — UP
[2026-05-02 03:50:01] ✅ Cloudflare:53 — UP
[2026-05-02 03:50:01] ❌ GitHub:443 — DOWN
[2026-05-02 03:50:01] ✅ Oracle Cloud:443 — UP
[2026-05-02 03:55:01] ✅ Google DNS:53 — UP
[2026-05-02 03:55:01] ✅ Cloudflare:53 — UP
[2026-05-02 03:55:01] ❌ GitHub:443 — DOWN
[2026-05-02 03:55:01] ✅ Oracle Cloud:443 — UP
[2026-05-02 04:00:01] ✅ Google DNS:53 — UP
[2026-05-02 04:00:01] ✅ Cloudflare:53 — UP
[2026-05-02 04:00:01] ❌ GitHub:443 — DOWN
[2026-05-02 04:00:01] ✅ Oracle Cloud:443 — UP
[2026-05-02 04:05:01] ✅ Google DNS:53 — UP
[2026-05-02 04:05:01] ✅ Cloudflare:53 — UP
[2026-05-02 04:05:01] ❌ GitHub:443 — DOWN
[2026-05-02 04:05:01] ✅ Oracle Cloud:443 — UP
[2026-05-02 04:10:01] ✅ Google DNS:53 — UP
[2026-05-02 04:10:01] ✅ Cloudflare:53 — UP
[2026-05-02 04:10:01] ❌ GitHub:443 — DOWN
[2026-05-02 04:10:01] ✅ Oracle Cloud:443 — UP
[2026-05-02 04:15:01] ✅ Google DNS:53 — UP
[2026-05-02 04:15:01] ✅ Cloudflare:53 — UP
[2026-05-02 04:15:01] ❌ GitHub:443 — DOWN
[2026-05-02 04:15:01] ✅ Oracle Cloud:443 — UP
[2026-05-02 04:20:01] ✅ Google DNS:53 — UP
[2026-05-02 04:20:01] ✅ Cloudflare:53 — UP
[2026-05-02 04:20:01] ❌ GitHub:443 — DOWN
[2026-05-02 04:20:01] ✅ Oracle Cloud:443 — UP
[2026-05-02 04:25:01] ✅ Google DNS:53 — UP
[2026-05-02 04:25:01] ✅ Cloudflare:53 — UP
[2026-05-02 04:25:01] ❌ GitHub:443 — DOWN
[2026-05-02 04:25:01] ✅ Oracle Cloud:443 — UP
[2026-05-02 04:30:01] ✅ Google DNS:53 — UP
[2026-05-02 04:30:01] ✅ Cloudflare:53 — UP
[2026-05-02 04:30:01] ❌ GitHub:443 — DOWN
[2026-05-02 04:30:01] ✅ Oracle Cloud:443 — UP
[2026-05-02 04:35:01] ✅ Google DNS:53 — UP
[2026-05-02 04:35:01] ✅ Cloudflare:53 — UP
[2026-05-02 04:35:01] ❌ GitHub:443 — DOWN
[2026-05-02 04:35:01] ✅ Oracle Cloud:443 — UP
[2026-05-02 04:40:01] ✅ Google DNS:53 — UP
[2026-05-02 04:40:01] ✅ Cloudflare:53 — UP
[2026-05-02 04:40:01] ❌ GitHub:443 — DOWN
[2026-05-02 04:40:01] ✅ Oracle Cloud:443 — UP
[2026-05-02 04:45:02] ✅ Google DNS:53 — UP
[2026-05-02 04:45:02] ✅ Cloudflare:53 — UP
[2026-05-02 04:45:02] ❌ GitHub:443 — DOWN
[2026-05-02 04:45:02] ✅ Oracle Cloud:443 — UP
[2026-05-02 04:50:01] ✅ Google DNS:53 — UP
[2026-05-02 04:50:01] ✅ Cloudflare:53 — UP
[2026-05-02 04:50:01] ❌ GitHub:443 — DOWN
[2026-05-02 04:50:01] ✅ Oracle Cloud:443 — UP
[2026-05-02 04:55:01] ✅ Google DNS:53 — UP
[2026-05-02 04:55:01] ✅ Cloudflare:53 — UP
[2026-05-02 04:55:01] ❌ GitHub:443 — DOWN
[2026-05-02 04:55:01] ✅ Oracle Cloud:443 — UP
[2026-05-02 05:00:01] ✅ Google DNS:53 — UP
[2026-05-02 05:00:01] ✅ Cloudflare:53 — UP
[2026-05-02 05:00:01] ❌ GitHub:443 — DOWN
[2026-05-02 05:00:01] ✅ Oracle Cloud:443 — UP
[2026-05-02 05:05:02] ✅ Google DNS:53 — UP
[2026-05-02 05:05:02] ✅ Cloudflare:53 — UP
[2026-05-02 05:05:02] ❌ GitHub:443 — DOWN
[2026-05-02 05:05:02] ✅ Oracle Cloud:443 — UP
[2026-05-02 05:10:01] ✅ Google DNS:53 — UP
[2026-05-02 05:10:01] ✅ Cloudflare:53 — UP
[2026-05-02 05:10:01] ❌ GitHub:443 — DOWN
[2026-05-02 05:10:01] ✅ Oracle Cloud:443 — UP
[2026-05-02 05:15:01] ✅ Google DNS:53 — UP
[2026-05-02 05:15:01] ✅ Cloudflare:53 — UP
[2026-05-02 05:15:01] ❌ GitHub:443 — DOWN
[2026-05-02 05:15:01] ✅ Oracle Cloud:443 — UP
[2026-05-02 05:20:01] ✅ Google DNS:53 — UP
[2026-05-02 05:20:01] ✅ Cloudflare:53 — UP
[2026-05-02 05:20:01] ❌ GitHub:443 — DOWN
[2026-05-02 05:20:01] ✅ Oracle Cloud:443 — UP
[2026-05-02 05:25:01] ✅ Google DNS:53 — UP
[2026-05-02 05:25:01] ✅ Cloudflare:53 — UP
[2026-05-02 05:25:01] ❌ GitHub:443 — DOWN
[2026-05-02 05:25:01] ✅ Oracle Cloud:443 — UP
[2026-05-02 05:30:01] ✅ Google DNS:53 — UP
[2026-05-02 05:30:01] ✅ Cloudflare:53 — UP
[2026-05-02 05:30:01] ❌ GitHub:443 — DOWN
[2026-05-02 05:30:01] ✅ Oracle Cloud:443 — UP
[2026-05-02 05:35:01] ✅ Google DNS:53 — UP
[2026-05-02 05:35:01] ✅ Cloudflare:53 — UP
[2026-05-02 05:35:01] ❌ GitHub:443 — DOWN
[2026-05-02 05:35:01] ✅ Oracle Cloud:443 — UP
[2026-05-02 05:40:01] ✅ Google DNS:53 — UP
[2026-05-02 05:40:01] ✅ Cloudflare:53 — UP
[2026-05-02 05:40:01] ❌ GitHub:443 — DOWN
[2026-05-02 05:40:01] ✅ Oracle Cloud:443 — UP
[2026-05-02 05:45:01] ✅ Google DNS:53 — UP
[2026-05-02 05:45:01] ✅ Cloudflare:53 — UP
[2026-05-02 05:45:01] ❌ GitHub:443 — DOWN
[2026-05-02 05:45:01] ✅ Oracle Cloud:443 — UP
[2026-05-02 05:50:01] ✅ Google DNS:53 — UP
[2026-05-02 05:50:01] ✅ Cloudflare:53 — UP
[2026-05-02 05:50:01] ❌ GitHub:443 — DOWN
[2026-05-02 05:50:01] ✅ Oracle Cloud:443 — UP
[2026-05-02 05:55:01] ✅ Google DNS:53 — UP
[2026-05-02 05:55:01] ✅ Cloudflare:53 — UP
[2026-05-02 05:55:01] ❌ GitHub:443 — DOWN
[2026-05-02 05:55:01] ✅ Oracle Cloud:443 — UP
[2026-05-02 06:00:01] ✅ Google DNS:53 — UP
[2026-05-02 06:00:01] ✅ Cloudflare:53 — UP
[2026-05-02 06:00:01] ❌ GitHub:443 — DOWN
[2026-05-02 06:00:01] ✅ Oracle Cloud:443 — UP
[2026-05-02 06:05:01] ✅ Google DNS:53 — UP
[2026-05-02 06:05:01] ✅ Cloudflare:53 — UP
[2026-05-02 06:05:01] ❌ GitHub:443 — DOWN
[2026-05-02 06:05:01] ✅ Oracle Cloud:443 — UP
[2026-05-02 06:10:01] ✅ Google DNS:53 — UP
[2026-05-02 06:10:01] ✅ Cloudflare:53 — UP
[2026-05-02 06:10:01] ❌ GitHub:443 — DOWN
[2026-05-02 06:10:01] ✅ Oracle Cloud:443 — UP
[2026-05-02 06:15:01] ✅ Google DNS:53 — UP
[2026-05-02 06:15:01] ✅ Cloudflare:53 — UP
[2026-05-02 06:15:01] ❌ GitHub:443 — DOWN
[2026-05-02 06:15:01] ✅ Oracle Cloud:443 — UP
[2026-05-02 06:20:01] ✅ Google DNS:53 — UP
[2026-05-02 06:20:01] ✅ Cloudflare:53 — UP
[2026-05-02 06:20:01] ❌ GitHub:443 — DOWN
[2026-05-02 06:20:01] ✅ Oracle Cloud:443 — UP
[2026-05-02 06:25:01] ✅ Google DNS:53 — UP
[2026-05-02 06:25:01] ✅ Cloudflare:53 — UP
[2026-05-02 06:25:01] ❌ GitHub:443 — DOWN
[2026-05-02 06:25:01] ✅ Oracle Cloud:443 — UP
[2026-05-02 06:30:01] ✅ Google DNS:53 — UP
[2026-05-02 06:30:01] ✅ Cloudflare:53 — UP
[2026-05-02 06:30:01] ❌ GitHub:443 — DOWN
[2026-05-02 06:30:01] ✅ Oracle Cloud:443 — UP
[2026-05-02 06:35:01] ✅ Google DNS:53 — UP
[2026-05-02 06:35:01] ✅ Cloudflare:53 — UP
[2026-05-02 06:35:01] ❌ GitHub:443 — DOWN
[2026-05-02 06:35:01] ✅ Oracle Cloud:443 — UP
[2026-05-02 06:40:01] ✅ Google DNS:53 — UP
[2026-05-02 06:40:01] ✅ Cloudflare:53 — UP
[2026-05-02 06:40:01] ❌ GitHub:443 — DOWN
[2026-05-02 06:40:01] ✅ Oracle Cloud:443 — UP
[2026-05-02 06:45:02] ✅ Google DNS:53 — UP
[2026-05-02 06:45:02] ✅ Cloudflare:53 — UP
[2026-05-02 06:45:02] ❌ GitHub:443 — DOWN
[2026-05-02 06:45:02] ✅ Oracle Cloud:443 — UP
[2026-05-02 06:50:01] ✅ Google DNS:53 — UP
[2026-05-02 06:50:01] ✅ Cloudflare:53 — UP
[2026-05-02 06:50:01] ❌ GitHub:443 — DOWN
[2026-05-02 06:50:01] ✅ Oracle Cloud:443 — UP
[2026-05-02 06:55:01] ✅ Google DNS:53 — UP
[2026-05-02 06:55:01] ✅ Cloudflare:53 — UP
[2026-05-02 06:55:01] ❌ GitHub:443 — DOWN
[2026-05-02 06:55:01] ✅ Oracle Cloud:443 — UP
[2026-05-02 07:00:01] ✅ Google DNS:53 — UP
[2026-05-02 07:00:01] ✅ Cloudflare:53 — UP
[2026-05-02 07:00:01] ❌ GitHub:443 — DOWN
[2026-05-02 07:00:01] ✅ Oracle Cloud:443 — UP
[2026-05-02 07:05:01] ✅ Google DNS:53 — UP
[2026-05-02 07:05:01] ✅ Cloudflare:53 — UP
[2026-05-02 07:05:01] ❌ GitHub:443 — DOWN
[2026-05-02 07:05:01] ✅ Oracle Cloud:443 — UP
[2026-05-02 07:10:01] ✅ Google DNS:53 — UP
[2026-05-02 07:10:01] ✅ Cloudflare:53 — UP
[2026-05-02 07:10:01] ❌ GitHub:443 — DOWN
[2026-05-02 07:10:01] ✅ Oracle Cloud:443 — UP
[2026-05-02 07:15:01] ✅ Google DNS:53 — UP
[2026-05-02 07:15:01] ✅ Cloudflare:53 — UP
[2026-05-02 07:15:01] ❌ GitHub:443 — DOWN
[2026-05-02 07:15:01] ✅ Oracle Cloud:443 — UP
[2026-05-02 07:20:01] ✅ Google DNS:53 — UP
[2026-05-02 07:20:01] ✅ Cloudflare:53 — UP
[2026-05-02 07:20:01] ❌ GitHub:443 — DOWN
[2026-05-02 07:20:01] ✅ Oracle Cloud:443 — UP
[2026-05-02 07:25:01] ✅ Google DNS:53 — UP
[2026-05-02 07:25:01] ✅ Cloudflare:53 — UP
[2026-05-02 07:25:01] ❌ GitHub:443 — DOWN
[2026-05-02 07:25:01] ✅ Oracle Cloud:443 — UP
[2026-05-02 07:30:01] ✅ Google DNS:53 — UP
[2026-05-02 07:30:01] ✅ Cloudflare:53 — UP
[2026-05-02 07:30:01] ❌ GitHub:443 — DOWN
[2026-05-02 07:30:01] ✅ Oracle Cloud:443 — UP
[2026-05-02 07:35:01] ✅ Google DNS:53 — UP
[2026-05-02 07:35:01] ✅ Cloudflare:53 — UP
[2026-05-02 07:35:01] ❌ GitHub:443 — DOWN
[2026-05-02 07:35:01] ✅ Oracle Cloud:443 — UP
[2026-05-02 07:40:01] ✅ Google DNS:53 — UP
[2026-05-02 07:40:01] ✅ Cloudflare:53 — UP
[2026-05-02 07:40:01] ❌ GitHub:443 — DOWN
[2026-05-02 07:40:01] ✅ Oracle Cloud:443 — UP
[2026-05-02 07:45:01] ✅ Google DNS:53 — UP
[2026-05-02 07:45:01] ✅ Cloudflare:53 — UP
[2026-05-02 07:45:01] ❌ GitHub:443 — DOWN
[2026-05-02 07:45:01] ✅ Oracle Cloud:443 — UP
[2026-05-02 07:50:01] ✅ Google DNS:53 — UP
[2026-05-02 07:50:01] ✅ Cloudflare:53 — UP
[2026-05-02 07:50:01] ❌ GitHub:443 — DOWN
[2026-05-02 07:50:01] ✅ Oracle Cloud:443 — UP
[2026-05-02 07:55:01] ✅ Google DNS:53 — UP
[2026-05-02 07:55:01] ✅ Cloudflare:53 — UP
[2026-05-02 07:55:01] ❌ GitHub:443 — DOWN
[2026-05-02 07:55:01] ✅ Oracle Cloud:443 — UP
[2026-05-02 08:00:01] ✅ Google DNS:53 — UP
[2026-05-02 08:00:01] ✅ Cloudflare:53 — UP
[2026-05-02 08:00:01] ❌ GitHub:443 — DOWN
[2026-05-02 08:00:01] ✅ Oracle Cloud:443 — UP
[2026-05-02 08:05:01] ✅ Google DNS:53 — UP
[2026-05-02 08:05:01] ✅ Cloudflare:53 — UP
[2026-05-02 08:05:01] ❌ GitHub:443 — DOWN
[2026-05-02 08:05:01] ✅ Oracle Cloud:443 — UP
[2026-05-02 08:10:02] ✅ Google DNS:53 — UP
[2026-05-02 08:10:02] ✅ Cloudflare:53 — UP
[2026-05-02 08:10:02] ❌ GitHub:443 — DOWN
[2026-05-02 08:10:02] ✅ Oracle Cloud:443 — UP
[2026-05-02 08:15:01] ✅ Google DNS:53 — UP
[2026-05-02 08:15:01] ✅ Cloudflare:53 — UP
[2026-05-02 08:15:01] ❌ GitHub:443 — DOWN
[2026-05-02 08:15:01] ✅ Oracle Cloud:443 — UP
[2026-05-02 08:20:01] ✅ Google DNS:53 — UP
[2026-05-02 08:20:01] ✅ Cloudflare:53 — UP
[2026-05-02 08:20:01] ❌ GitHub:443 — DOWN
[2026-05-02 08:20:01] ✅ Oracle Cloud:443 — UP
[2026-05-02 08:25:01] ✅ Google DNS:53 — UP
[2026-05-02 08:25:01] ✅ Cloudflare:53 — UP
[2026-05-02 08:25:01] ❌ GitHub:443 — DOWN
[2026-05-02 08:25:01] ✅ Oracle Cloud:443 — UP
[2026-05-02 08:30:01] ✅ Google DNS:53 — UP
[2026-05-02 08:30:01] ✅ Cloudflare:53 — UP
[2026-05-02 08:30:01] ❌ GitHub:443 — DOWN
[2026-05-02 08:30:01] ✅ Oracle Cloud:443 — UP
[2026-05-02 08:35:01] ✅ Google DNS:53 — UP
[2026-05-02 08:35:01] ✅ Cloudflare:53 — UP
[2026-05-02 08:35:01] ❌ GitHub:443 — DOWN
[2026-05-02 08:35:01] ✅ Oracle Cloud:443 — UP
[2026-05-02 08:40:01] ✅ Google DNS:53 — UP
[2026-05-02 08:40:01] ✅ Cloudflare:53 — UP
[2026-05-02 08:40:01] ❌ GitHub:443 — DOWN
[2026-05-02 08:40:01] ✅ Oracle Cloud:443 — UP
[2026-05-02 08:45:01] ✅ Google DNS:53 — UP
[2026-05-02 08:45:01] ✅ Cloudflare:53 — UP
[2026-05-02 08:45:01] ❌ GitHub:443 — DOWN
[2026-05-02 08:45:01] ✅ Oracle Cloud:443 — UP
[2026-05-02 08:50:01] ✅ Google DNS:53 — UP
[2026-05-02 08:50:01] ✅ Cloudflare:53 — UP
[2026-05-02 08:50:01] ❌ GitHub:443 — DOWN
[2026-05-02 08:50:01] ✅ Oracle Cloud:443 — UP
[2026-05-02 08:55:01] ✅ Google DNS:53 — UP
[2026-05-02 08:55:01] ✅ Cloudflare:53 — UP
[2026-05-02 08:55:01] ❌ GitHub:443 — DOWN
[2026-05-02 08:55:01] ✅ Oracle Cloud:443 — UP
[2026-05-02 09:00:01] ✅ Google DNS:53 — UP
[2026-05-02 09:00:01] ✅ Cloudflare:53 — UP
[2026-05-02 09:00:01] ❌ GitHub:443 — DOWN
[2026-05-02 09:00:01] ✅ Oracle Cloud:443 — UP
[2026-05-02 09:05:01] ✅ Google DNS:53 — UP
[2026-05-02 09:05:01] ✅ Cloudflare:53 — UP
[2026-05-02 09:05:01] ❌ GitHub:443 — DOWN
[2026-05-02 09:05:01] ✅ Oracle Cloud:443 — UP
[2026-05-02 09:10:01] ✅ Google DNS:53 — UP
[2026-05-02 09:10:01] ✅ Cloudflare:53 — UP
[2026-05-02 09:10:01] ❌ GitHub:443 — DOWN
[2026-05-02 09:10:01] ✅ Oracle Cloud:443 — UP
[2026-05-02 09:15:01] ✅ Google DNS:53 — UP
[2026-05-02 09:15:01] ✅ Cloudflare:53 — UP
[2026-05-02 09:15:01] ❌ GitHub:443 — DOWN
[2026-05-02 09:15:01] ✅ Oracle Cloud:443 — UP
[2026-05-02 09:20:01] ✅ Google DNS:53 — UP
[2026-05-02 09:20:01] ✅ Cloudflare:53 — UP
[2026-05-02 09:20:01] ❌ GitHub:443 — DOWN
[2026-05-02 09:20:01] ✅ Oracle Cloud:443 — UP
[2026-05-02 09:25:01] ✅ Google DNS:53 — UP
[2026-05-02 09:25:01] ✅ Cloudflare:53 — UP
[2026-05-02 09:25:01] ❌ GitHub:443 — DOWN
[2026-05-02 09:25:01] ✅ Oracle Cloud:443 — UP
[2026-05-02 09:30:01] ✅ Google DNS:53 — UP
[2026-05-02 09:30:01] ✅ Cloudflare:53 — UP
[2026-05-02 09:30:01] ❌ GitHub:443 — DOWN
[2026-05-02 09:30:01] ✅ Oracle Cloud:443 — UP
[2026-05-02 09:35:02] ✅ Google DNS:53 — UP
[2026-05-02 09:35:02] ✅ Cloudflare:53 — UP
[2026-05-02 09:35:02] ❌ GitHub:443 — DOWN
[2026-05-02 09:35:02] ✅ Oracle Cloud:443 — UP
[2026-05-02 09:40:01] ✅ Google DNS:53 — UP
[2026-05-02 09:40:01] ✅ Cloudflare:53 — UP
[2026-05-02 09:40:01] ❌ GitHub:443 — DOWN
[2026-05-02 09:40:01] ✅ Oracle Cloud:443 — UP
[2026-05-02 09:45:01] ✅ Google DNS:53 — UP
[2026-05-02 09:45:01] ✅ Cloudflare:53 — UP
[2026-05-02 09:45:01] ❌ GitHub:443 — DOWN
[2026-05-02 09:45:01] ✅ Oracle Cloud:443 — UP
[2026-05-02 09:50:01] ✅ Google DNS:53 — UP
[2026-05-02 09:50:01] ✅ Cloudflare:53 — UP
[2026-05-02 09:50:01] ❌ GitHub:443 — DOWN
[2026-05-02 09:50:01] ✅ Oracle Cloud:443 — UP
[2026-05-02 09:55:02] ✅ Google DNS:53 — UP
[2026-05-02 09:55:02] ✅ Cloudflare:53 — UP
[2026-05-02 09:55:02] ❌ GitHub:443 — DOWN
[2026-05-02 09:55:02] ✅ Oracle Cloud:443 — UP
[2026-05-02 10:00:01] ✅ Google DNS:53 — UP
[2026-05-02 10:00:01] ✅ Cloudflare:53 — UP
[2026-05-02 10:00:01] ❌ GitHub:443 — DOWN
[2026-05-02 10:00:01] ✅ Oracle Cloud:443 — UP
[2026-05-02 10:05:01] ✅ Google DNS:53 — UP
[2026-05-02 10:05:01] ✅ Cloudflare:53 — UP
[2026-05-02 10:05:01] ❌ GitHub:443 — DOWN
[2026-05-02 10:05:01] ✅ Oracle Cloud:443 — UP
[2026-05-02 10:10:01] ✅ Google DNS:53 — UP
[2026-05-02 10:10:01] ✅ Cloudflare:53 — UP
[2026-05-02 10:10:01] ❌ GitHub:443 — DOWN
[2026-05-02 10:10:01] ✅ Oracle Cloud:443 — UP
[2026-05-02 10:15:01] ✅ Google DNS:53 — UP
[2026-05-02 10:15:01] ✅ Cloudflare:53 — UP
[2026-05-02 10:15:01] ❌ GitHub:443 — DOWN
[2026-05-02 10:15:01] ✅ Oracle Cloud:443 — UP
[2026-05-02 10:20:01] ✅ Google DNS:53 — UP
[2026-05-02 10:20:01] ✅ Cloudflare:53 — UP
[2026-05-02 10:20:01] ❌ GitHub:443 — DOWN
[2026-05-02 10:20:01] ✅ Oracle Cloud:443 — UP
[2026-05-02 10:25:01] ✅ Google DNS:53 — UP
[2026-05-02 10:25:01] ✅ Cloudflare:53 — UP
[2026-05-02 10:25:01] ❌ GitHub:443 — DOWN
[2026-05-02 10:25:01] ✅ Oracle Cloud:443 — UP
[2026-05-02 10:30:01] ✅ Google DNS:53 — UP
[2026-05-02 10:30:01] ✅ Cloudflare:53 — UP
[2026-05-02 10:30:01] ❌ GitHub:443 — DOWN
[2026-05-02 10:30:01] ✅ Oracle Cloud:443 — UP
[2026-05-02 10:35:01] ✅ Google DNS:53 — UP
[2026-05-02 10:35:01] ✅ Cloudflare:53 — UP
[2026-05-02 10:35:01] ❌ GitHub:443 — DOWN
[2026-05-02 10:35:01] ✅ Oracle Cloud:443 — UP
[2026-05-02 10:40:01] ✅ Google DNS:53 — UP
[2026-05-02 10:40:01] ✅ Cloudflare:53 — UP
[2026-05-02 10:40:01] ❌ GitHub:443 — DOWN
[2026-05-02 10:40:01] ✅ Oracle Cloud:443 — UP
[2026-05-02 10:45:01] ✅ Google DNS:53 — UP
[2026-05-02 10:45:01] ✅ Cloudflare:53 — UP
[2026-05-02 10:45:01] ❌ GitHub:443 — DOWN
[2026-05-02 10:45:01] ✅ Oracle Cloud:443 — UP
[2026-05-02 10:50:01] ✅ Google DNS:53 — UP
[2026-05-02 10:50:01] ✅ Cloudflare:53 — UP
[2026-05-02 10:50:01] ❌ GitHub:443 — DOWN
[2026-05-02 10:50:01] ✅ Oracle Cloud:443 — UP
[2026-05-02 10:55:01] ✅ Google DNS:53 — UP
[2026-05-02 10:55:01] ✅ Cloudflare:53 — UP
[2026-05-02 10:55:01] ❌ GitHub:443 — DOWN
[2026-05-02 10:55:01] ✅ Oracle Cloud:443 — UP
[2026-05-02 11:00:02] ✅ Google DNS:53 — UP
[2026-05-02 11:00:02] ✅ Cloudflare:53 — UP
[2026-05-02 11:00:02] ❌ GitHub:443 — DOWN
[2026-05-02 11:00:02] ✅ Oracle Cloud:443 — UP
[2026-05-02 11:05:01] ✅ Google DNS:53 — UP
[2026-05-02 11:05:01] ✅ Cloudflare:53 — UP
[2026-05-02 11:05:01] ❌ GitHub:443 — DOWN
[2026-05-02 11:05:01] ✅ Oracle Cloud:443 — UP
[2026-05-02 11:10:01] ✅ Google DNS:53 — UP
[2026-05-02 11:10:01] ✅ Cloudflare:53 — UP
[2026-05-02 11:10:01] ❌ GitHub:443 — DOWN
[2026-05-02 11:10:01] ✅ Oracle Cloud:443 — UP
[2026-05-02 11:15:01] ✅ Google DNS:53 — UP
[2026-05-02 11:15:01] ✅ Cloudflare:53 — UP
[2026-05-02 11:15:01] ❌ GitHub:443 — DOWN
[2026-05-02 11:15:01] ✅ Oracle Cloud:443 — UP
[2026-05-02 11:20:01] ✅ Google DNS:53 — UP
[2026-05-02 11:20:01] ✅ Cloudflare:53 — UP
[2026-05-02 11:20:01] ❌ GitHub:443 — DOWN
[2026-05-02 11:20:01] ✅ Oracle Cloud:443 — UP
[2026-05-02 11:25:01] ✅ Google DNS:53 — UP
[2026-05-02 11:25:01] ✅ Cloudflare:53 — UP
[2026-05-02 11:25:01] ❌ GitHub:443 — DOWN
[2026-05-02 11:25:01] ✅ Oracle Cloud:443 — UP
[2026-05-02 11:30:01] ✅ Google DNS:53 — UP
[2026-05-02 11:30:01] ✅ Cloudflare:53 — UP
[2026-05-02 11:30:01] ❌ GitHub:443 — DOWN
[2026-05-02 11:30:01] ✅ Oracle Cloud:443 — UP
[2026-05-02 11:35:01] ✅ Google DNS:53 — UP
[2026-05-02 11:35:01] ✅ Cloudflare:53 — UP
[2026-05-02 11:35:01] ❌ GitHub:443 — DOWN
[2026-05-02 11:35:01] ✅ Oracle Cloud:443 — UP
[2026-05-02 11:40:01] ✅ Google DNS:53 — UP
[2026-05-02 11:40:01] ✅ Cloudflare:53 — UP
[2026-05-02 11:40:01] ❌ GitHub:443 — DOWN
[2026-05-02 11:40:01] ✅ Oracle Cloud:443 — UP
[2026-05-02 11:45:01] ✅ Google DNS:53 — UP
[2026-05-02 11:45:01] ✅ Cloudflare:53 — UP
[2026-05-02 11:45:01] ❌ GitHub:443 — DOWN
[2026-05-02 11:45:01] ✅ Oracle Cloud:443 — UP
[2026-05-02 11:50:01] ✅ Google DNS:53 — UP
[2026-05-02 11:50:01] ✅ Cloudflare:53 — UP
[2026-05-02 11:50:01] ❌ GitHub:443 — DOWN
[2026-05-02 11:50:01] ✅ Oracle Cloud:443 — UP
[2026-05-02 11:55:01] ✅ Google DNS:53 — UP
[2026-05-02 11:55:01] ✅ Cloudflare:53 — UP
[2026-05-02 11:55:01] ❌ GitHub:443 — DOWN
[2026-05-02 11:55:01] ✅ Oracle Cloud:443 — UP
[2026-05-02 12:00:01] ✅ Google DNS:53 — UP
[2026-05-02 12:00:01] ✅ Cloudflare:53 — UP
[2026-05-02 12:00:01] ❌ GitHub:443 — DOWN
[2026-05-02 12:00:01] ✅ Oracle Cloud:443 — UP
[2026-05-02 12:05:01] ✅ Google DNS:53 — UP
[2026-05-02 12:05:01] ✅ Cloudflare:53 — UP
[2026-05-02 12:05:01] ❌ GitHub:443 — DOWN
[2026-05-02 12:05:01] ✅ Oracle Cloud:443 — UP
[2026-05-02 12:10:01] ✅ Google DNS:53 — UP
[2026-05-02 12:10:01] ✅ Cloudflare:53 — UP
[2026-05-02 12:10:01] ❌ GitHub:443 — DOWN
[2026-05-02 12:10:01] ✅ Oracle Cloud:443 — UP
[2026-05-02 12:15:01] ✅ Google DNS:53 — UP
[2026-05-02 12:15:01] ✅ Cloudflare:53 — UP
[2026-05-02 12:15:01] ❌ GitHub:443 — DOWN
[2026-05-02 12:15:01] ✅ Oracle Cloud:443 — UP
[2026-05-02 12:20:01] ✅ Google DNS:53 — UP
[2026-05-02 12:20:01] ✅ Cloudflare:53 — UP
[2026-05-02 12:20:01] ❌ GitHub:443 — DOWN
[2026-05-02 12:20:01] ✅ Oracle Cloud:443 — UP
[2026-05-02 12:25:02] ✅ Google DNS:53 — UP
[2026-05-02 12:25:02] ✅ Cloudflare:53 — UP
[2026-05-02 12:25:02] ❌ GitHub:443 — DOWN
[2026-05-02 12:25:02] ✅ Oracle Cloud:443 — UP
[2026-05-02 12:30:01] ✅ Google DNS:53 — UP
[2026-05-02 12:30:01] ✅ Cloudflare:53 — UP
[2026-05-02 12:30:01] ❌ GitHub:443 — DOWN
[2026-05-02 12:30:01] ✅ Oracle Cloud:443 — UP
[2026-05-02 12:35:01] ✅ Google DNS:53 — UP
[2026-05-02 12:35:01] ✅ Cloudflare:53 — UP
[2026-05-02 12:35:01] ❌ GitHub:443 — DOWN
[2026-05-02 12:35:01] ✅ Oracle Cloud:443 — UP
[2026-05-02 12:40:01] ✅ Google DNS:53 — UP
[2026-05-02 12:40:01] ✅ Cloudflare:53 — UP
[2026-05-02 12:40:01] ❌ GitHub:443 — DOWN
[2026-05-02 12:40:01] ✅ Oracle Cloud:443 — UP
[2026-05-02 12:45:01] ✅ Google DNS:53 — UP
[2026-05-02 12:45:01] ✅ Cloudflare:53 — UP
[2026-05-02 12:45:01] ❌ GitHub:443 — DOWN
[2026-05-02 12:45:01] ✅ Oracle Cloud:443 — UP
[2026-05-02 12:50:01] ✅ Google DNS:53 — UP
[2026-05-02 12:50:01] ✅ Cloudflare:53 — UP
[2026-05-02 12:50:01] ❌ GitHub:443 — DOWN
[2026-05-02 12:50:01] ✅ Oracle Cloud:443 — UP
[2026-05-02 12:55:01] ✅ Google DNS:53 — UP
[2026-05-02 12:55:01] ✅ Cloudflare:53 — UP
[2026-05-02 12:55:01] ❌ GitHub:443 — DOWN
[2026-05-02 12:55:01] ✅ Oracle Cloud:443 — UP
[2026-05-02 13:00:01] ✅ Google DNS:53 — UP
[2026-05-02 13:00:01] ✅ Cloudflare:53 — UP
[2026-05-02 13:00:01] ❌ GitHub:443 — DOWN
[2026-05-02 13:00:01] ✅ Oracle Cloud:443 — UP
[2026-05-02 13:05:01] ✅ Google DNS:53 — UP
[2026-05-02 13:05:01] ✅ Cloudflare:53 — UP
[2026-05-02 13:05:01] ❌ GitHub:443 — DOWN
[2026-05-02 13:05:01] ✅ Oracle Cloud:443 — UP
[2026-05-02 13:10:01] ✅ Google DNS:53 — UP
[2026-05-02 13:10:01] ✅ Cloudflare:53 — UP
[2026-05-02 13:10:01] ❌ GitHub:443 — DOWN
[2026-05-02 13:10:01] ✅ Oracle Cloud:443 — UP
[2026-05-02 13:15:01] ✅ Google DNS:53 — UP
[2026-05-02 13:15:01] ✅ Cloudflare:53 — UP
[2026-05-02 13:15:01] ❌ GitHub:443 — DOWN
[2026-05-02 13:15:01] ✅ Oracle Cloud:443 — UP
[2026-05-02 13:20:01] ✅ Google DNS:53 — UP
[2026-05-02 13:20:01] ✅ Cloudflare:53 — UP
[2026-05-02 13:20:01] ❌ GitHub:443 — DOWN
[2026-05-02 13:20:01] ✅ Oracle Cloud:443 — UP
[2026-05-02 13:25:01] ✅ Google DNS:53 — UP
[2026-05-02 13:25:01] ✅ Cloudflare:53 — UP
[2026-05-02 13:25:01] ❌ GitHub:443 — DOWN
[2026-05-02 13:25:01] ✅ Oracle Cloud:443 — UP
[2026-05-02 13:30:01] ✅ Google DNS:53 — UP
[2026-05-02 13:30:01] ✅ Cloudflare:53 — UP
[2026-05-02 13:30:01] ❌ GitHub:443 — DOWN
[2026-05-02 13:30:01] ✅ Oracle Cloud:443 — UP
[2026-05-02 13:35:01] ✅ Google DNS:53 — UP
[2026-05-02 13:35:01] ✅ Cloudflare:53 — UP
[2026-05-02 13:35:01] ❌ GitHub:443 — DOWN
[2026-05-02 13:35:01] ✅ Oracle Cloud:443 — UP
[2026-05-02 13:40:01] ✅ Google DNS:53 — UP
[2026-05-02 13:40:01] ✅ Cloudflare:53 — UP
[2026-05-02 13:40:01] ❌ GitHub:443 — DOWN
[2026-05-02 13:40:01] ✅ Oracle Cloud:443 — UP
[2026-05-02 13:45:01] ✅ Google DNS:53 — UP
[2026-05-02 13:45:01] ✅ Cloudflare:53 — UP
[2026-05-02 13:45:01] ❌ GitHub:443 — DOWN
[2026-05-02 13:45:01] ✅ Oracle Cloud:443 — UP
[2026-05-02 13:50:01] ✅ Google DNS:53 — UP
[2026-05-02 13:50:01] ✅ Cloudflare:53 — UP
[2026-05-02 13:50:01] ❌ GitHub:443 — DOWN
[2026-05-02 13:50:01] ✅ Oracle Cloud:443 — UP
[2026-05-02 13:55:01] ✅ Google DNS:53 — UP
[2026-05-02 13:55:01] ✅ Cloudflare:53 — UP
[2026-05-02 13:55:01] ❌ GitHub:443 — DOWN
[2026-05-02 13:55:01] ✅ Oracle Cloud:443 — UP
[2026-05-02 14:00:01] ✅ Google DNS:53 — UP
[2026-05-02 14:00:01] ✅ Cloudflare:53 — UP
[2026-05-02 14:00:01] ❌ GitHub:443 — DOWN
[2026-05-02 14:00:01] ✅ Oracle Cloud:443 — UP
[2026-05-02 14:05:01] ✅ Google DNS:53 — UP
[2026-05-02 14:05:01] ✅ Cloudflare:53 — UP
[2026-05-02 14:05:01] ❌ GitHub:443 — DOWN
[2026-05-02 14:05:01] ✅ Oracle Cloud:443 — UP
[2026-05-02 14:10:01] ✅ Google DNS:53 — UP
[2026-05-02 14:10:01] ✅ Cloudflare:53 — UP
[2026-05-02 14:10:01] ❌ GitHub:443 — DOWN
[2026-05-02 14:10:01] ✅ Oracle Cloud:443 — UP
[2026-05-02 14:15:01] ✅ Google DNS:53 — UP
[2026-05-02 14:15:01] ✅ Cloudflare:53 — UP
[2026-05-02 14:15:01] ❌ GitHub:443 — DOWN
[2026-05-02 14:15:01] ✅ Oracle Cloud:443 — UP
[2026-05-02 14:20:01] ✅ Google DNS:53 — UP
[2026-05-02 14:20:01] ✅ Cloudflare:53 — UP
[2026-05-02 14:20:01] ❌ GitHub:443 — DOWN
[2026-05-02 14:20:01] ✅ Oracle Cloud:443 — UP
[2026-05-02 14:25:01] ✅ Google DNS:53 — UP
[2026-05-02 14:25:01] ✅ Cloudflare:53 — UP
[2026-05-02 14:25:01] ❌ GitHub:443 — DOWN
[2026-05-02 14:25:01] ✅ Oracle Cloud:443 — UP
[2026-05-02 14:30:01] ✅ Google DNS:53 — UP
[2026-05-02 14:30:01] ✅ Cloudflare:53 — UP
[2026-05-02 14:30:01] ❌ GitHub:443 — DOWN
[2026-05-02 14:30:01] ✅ Oracle Cloud:443 — UP
[2026-05-02 14:35:01] ✅ Google DNS:53 — UP
[2026-05-02 14:35:01] ✅ Cloudflare:53 — UP
[2026-05-02 14:35:01] ❌ GitHub:443 — DOWN
[2026-05-02 14:35:01] ✅ Oracle Cloud:443 — UP
[2026-05-02 14:40:01] ✅ Google DNS:53 — UP
[2026-05-02 14:40:01] ✅ Cloudflare:53 — UP
[2026-05-02 14:40:01] ❌ GitHub:443 — DOWN
[2026-05-02 14:40:01] ✅ Oracle Cloud:443 — UP
[2026-05-02 14:45:01] ✅ Google DNS:53 — UP
[2026-05-02 14:45:01] ✅ Cloudflare:53 — UP
[2026-05-02 14:45:01] ❌ GitHub:443 — DOWN
[2026-05-02 14:45:01] ✅ Oracle Cloud:443 — UP
[2026-05-02 14:50:01] ✅ Google DNS:53 — UP
[2026-05-02 14:50:01] ✅ Cloudflare:53 — UP
[2026-05-02 14:50:01] ❌ GitHub:443 — DOWN
[2026-05-02 14:50:01] ✅ Oracle Cloud:443 — UP
[2026-05-02 14:55:01] ✅ Google DNS:53 — UP
[2026-05-02 14:55:01] ✅ Cloudflare:53 — UP
[2026-05-02 14:55:01] ❌ GitHub:443 — DOWN
[2026-05-02 14:55:01] ✅ Oracle Cloud:443 — UP
[2026-05-02 15:00:01] ✅ Google DNS:53 — UP
[2026-05-02 15:00:01] ✅ Cloudflare:53 — UP
[2026-05-02 15:00:01] ❌ GitHub:443 — DOWN
[2026-05-02 15:00:01] ✅ Oracle Cloud:443 — UP
[2026-05-02 15:05:01] ✅ Google DNS:53 — UP
[2026-05-02 15:05:01] ✅ Cloudflare:53 — UP
[2026-05-02 15:05:01] ❌ GitHub:443 — DOWN
[2026-05-02 15:05:01] ✅ Oracle Cloud:443 — UP
[2026-05-02 15:10:01] ✅ Google DNS:53 — UP
[2026-05-02 15:10:01] ✅ Cloudflare:53 — UP
[2026-05-02 15:10:01] ❌ GitHub:443 — DOWN
[2026-05-02 15:10:01] ✅ Oracle Cloud:443 — UP
[2026-05-02 15:15:01] ✅ Google DNS:53 — UP
[2026-05-02 15:15:01] ✅ Cloudflare:53 — UP
[2026-05-02 15:15:01] ❌ GitHub:443 — DOWN
[2026-05-02 15:15:01] ✅ Oracle Cloud:443 — UP
[2026-05-02 15:20:01] ✅ Google DNS:53 — UP
[2026-05-02 15:20:01] ✅ Cloudflare:53 — UP
[2026-05-02 15:20:01] ❌ GitHub:443 — DOWN
[2026-05-02 15:20:01] ✅ Oracle Cloud:443 — UP
[2026-05-02 15:25:01] ✅ Google DNS:53 — UP
[2026-05-02 15:25:01] ✅ Cloudflare:53 — UP
[2026-05-02 15:25:01] ❌ GitHub:443 — DOWN
[2026-05-02 15:25:01] ✅ Oracle Cloud:443 — UP
[2026-05-02 15:30:01] ✅ Google DNS:53 — UP
[2026-05-02 15:30:01] ✅ Cloudflare:53 — UP
[2026-05-02 15:30:01] ❌ GitHub:443 — DOWN
[2026-05-02 15:30:01] ✅ Oracle Cloud:443 — UP
[2026-05-02 15:35:01] ✅ Google DNS:53 — UP
[2026-05-02 15:35:01] ✅ Cloudflare:53 — UP
[2026-05-02 15:35:01] ❌ GitHub:443 — DOWN
[2026-05-02 15:35:01] ✅ Oracle Cloud:443 — UP
[2026-05-02 15:40:01] ✅ Google DNS:53 — UP
[2026-05-02 15:40:01] ✅ Cloudflare:53 — UP
[2026-05-02 15:40:01] ❌ GitHub:443 — DOWN
[2026-05-02 15:40:01] ✅ Oracle Cloud:443 — UP
[2026-05-02 15:45:01] ✅ Google DNS:53 — UP
[2026-05-02 15:45:01] ✅ Cloudflare:53 — UP
[2026-05-02 15:45:01] ❌ GitHub:443 — DOWN
[2026-05-02 15:45:01] ✅ Oracle Cloud:443 — UP
[2026-05-02 15:50:01] ✅ Google DNS:53 — UP
[2026-05-02 15:50:01] ✅ Cloudflare:53 — UP
[2026-05-02 15:50:01] ❌ GitHub:443 — DOWN
[2026-05-02 15:50:01] ✅ Oracle Cloud:443 — UP
[2026-05-02 15:55:01] ✅ Google DNS:53 — UP
[2026-05-02 15:55:01] ✅ Cloudflare:53 — UP
[2026-05-02 15:55:01] ❌ GitHub:443 — DOWN
[2026-05-02 15:55:01] ✅ Oracle Cloud:443 — UP
[2026-05-02 16:00:01] ✅ Google DNS:53 — UP
[2026-05-02 16:00:01] ✅ Cloudflare:53 — UP
[2026-05-02 16:00:01] ❌ GitHub:443 — DOWN
[2026-05-02 16:00:01] ✅ Oracle Cloud:443 — UP
[2026-05-02 16:05:01] ✅ Google DNS:53 — UP
[2026-05-02 16:05:01] ✅ Cloudflare:53 — UP
[2026-05-02 16:05:01] ❌ GitHub:443 — DOWN
[2026-05-02 16:05:01] ✅ Oracle Cloud:443 — UP
[2026-05-02 16:10:01] ✅ Google DNS:53 — UP
[2026-05-02 16:10:01] ✅ Cloudflare:53 — UP
[2026-05-02 16:10:01] ❌ GitHub:443 — DOWN
[2026-05-02 16:10:01] ✅ Oracle Cloud:443 — UP
[2026-05-02 16:15:01] ✅ Google DNS:53 — UP
[2026-05-02 16:15:01] ✅ Cloudflare:53 — UP
[2026-05-02 16:15:01] ❌ GitHub:443 — DOWN
[2026-05-02 16:15:01] ✅ Oracle Cloud:443 — UP
[2026-05-02 16:20:01] ✅ Google DNS:53 — UP
[2026-05-02 16:20:01] ✅ Cloudflare:53 — UP
[2026-05-02 16:20:01] ❌ GitHub:443 — DOWN
[2026-05-02 16:20:01] ✅ Oracle Cloud:443 — UP
[2026-05-02 16:25:01] ✅ Google DNS:53 — UP
[2026-05-02 16:25:01] ✅ Cloudflare:53 — UP
[2026-05-02 16:25:01] ❌ GitHub:443 — DOWN
[2026-05-02 16:25:01] ✅ Oracle Cloud:443 — UP
[2026-05-02 16:30:01] ✅ Google DNS:53 — UP
[2026-05-02 16:30:01] ✅ Cloudflare:53 — UP
[2026-05-02 16:30:01] ❌ GitHub:443 — DOWN
[2026-05-02 16:30:01] ✅ Oracle Cloud:443 — UP
[2026-05-02 16:35:01] ✅ Google DNS:53 — UP
[2026-05-02 16:35:01] ✅ Cloudflare:53 — UP
[2026-05-02 16:35:01] ❌ GitHub:443 — DOWN
[2026-05-02 16:35:01] ✅ Oracle Cloud:443 — UP
[2026-05-02 16:40:01] ✅ Google DNS:53 — UP
[2026-05-02 16:40:01] ✅ Cloudflare:53 — UP
[2026-05-02 16:40:01] ❌ GitHub:443 — DOWN
[2026-05-02 16:40:01] ✅ Oracle Cloud:443 — UP
[2026-05-02 16:45:01] ✅ Google DNS:53 — UP
[2026-05-02 16:45:01] ✅ Cloudflare:53 — UP
[2026-05-02 16:45:01] ❌ GitHub:443 — DOWN
[2026-05-02 16:45:01] ✅ Oracle Cloud:443 — UP
[2026-05-02 16:50:01] ✅ Google DNS:53 — UP
[2026-05-02 16:50:01] ✅ Cloudflare:53 — UP
[2026-05-02 16:50:01] ❌ GitHub:443 — DOWN
[2026-05-02 16:50:01] ✅ Oracle Cloud:443 — UP
[2026-05-02 16:55:01] ✅ Google DNS:53 — UP
[2026-05-02 16:55:01] ✅ Cloudflare:53 — UP
[2026-05-02 16:55:01] ❌ GitHub:443 — DOWN
[2026-05-02 16:55:01] ✅ Oracle Cloud:443 — UP
[2026-05-02 17:00:01] ✅ Google DNS:53 — UP
[2026-05-02 17:00:01] ✅ Cloudflare:53 — UP
[2026-05-02 17:00:01] ❌ GitHub:443 — DOWN
[2026-05-02 17:00:01] ✅ Oracle Cloud:443 — UP
[2026-05-02 17:05:01] ✅ Google DNS:53 — UP
[2026-05-02 17:05:01] ✅ Cloudflare:53 — UP
[2026-05-02 17:05:01] ❌ GitHub:443 — DOWN
[2026-05-02 17:05:01] ✅ Oracle Cloud:443 — UP
[2026-05-02 17:10:01] ✅ Google DNS:53 — UP
[2026-05-02 17:10:01] ✅ Cloudflare:53 — UP
[2026-05-02 17:10:01] ❌ GitHub:443 — DOWN
[2026-05-02 17:10:01] ✅ Oracle Cloud:443 — UP
[2026-05-02 17:15:01] ✅ Google DNS:53 — UP
[2026-05-02 17:15:01] ✅ Cloudflare:53 — UP
[2026-05-02 17:15:01] ❌ GitHub:443 — DOWN
[2026-05-02 17:15:01] ✅ Oracle Cloud:443 — UP
[2026-05-02 17:20:01] ✅ Google DNS:53 — UP
[2026-05-02 17:20:01] ✅ Cloudflare:53 — UP
[2026-05-02 17:20:01] ❌ GitHub:443 — DOWN
[2026-05-02 17:20:01] ✅ Oracle Cloud:443 — UP
[2026-05-02 17:25:01] ✅ Google DNS:53 — UP
[2026-05-02 17:25:01] ✅ Cloudflare:53 — UP
[2026-05-02 17:25:01] ❌ GitHub:443 — DOWN
[2026-05-02 17:25:01] ✅ Oracle Cloud:443 — UP
[2026-05-02 17:30:01] ✅ Google DNS:53 — UP
[2026-05-02 17:30:01] ✅ Cloudflare:53 — UP
[2026-05-02 17:30:01] ❌ GitHub:443 — DOWN
[2026-05-02 17:30:01] ✅ Oracle Cloud:443 — UP
[2026-05-02 17:35:01] ✅ Google DNS:53 — UP
[2026-05-02 17:35:01] ✅ Cloudflare:53 — UP
[2026-05-02 17:35:01] ❌ GitHub:443 — DOWN
[2026-05-02 17:35:01] ✅ Oracle Cloud:443 — UP
[2026-05-02 17:40:01] ✅ Google DNS:53 — UP
[2026-05-02 17:40:01] ✅ Cloudflare:53 — UP
[2026-05-02 17:40:01] ❌ GitHub:443 — DOWN
[2026-05-02 17:40:01] ✅ Oracle Cloud:443 — UP
[2026-05-02 17:45:01] ✅ Google DNS:53 — UP
[2026-05-02 17:45:01] ✅ Cloudflare:53 — UP
[2026-05-02 17:45:01] ❌ GitHub:443 — DOWN
[2026-05-02 17:45:01] ✅ Oracle Cloud:443 — UP
[2026-05-02 17:50:01] ✅ Google DNS:53 — UP
[2026-05-02 17:50:01] ✅ Cloudflare:53 — UP
[2026-05-02 17:50:01] ❌ GitHub:443 — DOWN
[2026-05-02 17:50:01] ✅ Oracle Cloud:443 — UP
[2026-05-02 17:55:01] ✅ Google DNS:53 — UP
[2026-05-02 17:55:01] ✅ Cloudflare:53 — UP
[2026-05-02 17:55:01] ❌ GitHub:443 — DOWN
[2026-05-02 17:55:01] ✅ Oracle Cloud:443 — UP
[2026-05-02 18:00:01] ✅ Google DNS:53 — UP
[2026-05-02 18:00:01] ✅ Cloudflare:53 — UP
[2026-05-02 18:00:01] ❌ GitHub:443 — DOWN
[2026-05-02 18:00:01] ✅ Oracle Cloud:443 — UP
[2026-05-02 18:05:01] ✅ Google DNS:53 — UP
[2026-05-02 18:05:01] ✅ Cloudflare:53 — UP
[2026-05-02 18:05:01] ❌ GitHub:443 — DOWN
[2026-05-02 18:05:01] ✅ Oracle Cloud:443 — UP
[2026-05-02 18:10:01] ✅ Google DNS:53 — UP
[2026-05-02 18:10:01] ✅ Cloudflare:53 — UP
[2026-05-02 18:10:01] ❌ GitHub:443 — DOWN
[2026-05-02 18:10:01] ✅ Oracle Cloud:443 — UP
[2026-05-02 18:15:01] ✅ Google DNS:53 — UP
[2026-05-02 18:15:01] ✅ Cloudflare:53 — UP
[2026-05-02 18:15:01] ❌ GitHub:443 — DOWN
[2026-05-02 18:15:01] ✅ Oracle Cloud:443 — UP
[2026-05-02 18:20:01] ✅ Google DNS:53 — UP
[2026-05-02 18:20:01] ✅ Cloudflare:53 — UP
[2026-05-02 18:20:01] ❌ GitHub:443 — DOWN
[2026-05-02 18:20:01] ✅ Oracle Cloud:443 — UP
[2026-05-02 18:25:01] ✅ Google DNS:53 — UP
[2026-05-02 18:25:01] ✅ Cloudflare:53 — UP
[2026-05-02 18:25:01] ❌ GitHub:443 — DOWN
[2026-05-02 18:25:01] ✅ Oracle Cloud:443 — UP
[2026-05-02 18:30:01] ✅ Google DNS:53 — UP
[2026-05-02 18:30:01] ✅ Cloudflare:53 — UP
[2026-05-02 18:30:01] ❌ GitHub:443 — DOWN
[2026-05-02 18:30:01] ✅ Oracle Cloud:443 — UP
[2026-05-02 18:35:01] ✅ Google DNS:53 — UP
[2026-05-02 18:35:01] ✅ Cloudflare:53 — UP
[2026-05-02 18:35:01] ❌ GitHub:443 — DOWN
[2026-05-02 18:35:01] ✅ Oracle Cloud:443 — UP
[2026-05-02 18:40:01] ✅ Google DNS:53 — UP
[2026-05-02 18:40:01] ✅ Cloudflare:53 — UP
[2026-05-02 18:40:01] ❌ GitHub:443 — DOWN
[2026-05-02 18:40:01] ✅ Oracle Cloud:443 — UP
[2026-05-02 18:45:01] ✅ Google DNS:53 — UP
[2026-05-02 18:45:01] ✅ Cloudflare:53 — UP
[2026-05-02 18:45:01] ❌ GitHub:443 — DOWN
[2026-05-02 18:45:01] ✅ Oracle Cloud:443 — UP
[2026-05-02 18:50:01] ✅ Google DNS:53 — UP
[2026-05-02 18:50:01] ✅ Cloudflare:53 — UP
[2026-05-02 18:50:01] ❌ GitHub:443 — DOWN
[2026-05-02 18:50:01] ✅ Oracle Cloud:443 — UP
[2026-05-02 18:55:01] ✅ Google DNS:53 — UP
[2026-05-02 18:55:01] ✅ Cloudflare:53 — UP
[2026-05-02 18:55:01] ❌ GitHub:443 — DOWN
[2026-05-02 18:55:01] ✅ Oracle Cloud:443 — UP
[2026-05-02 19:00:01] ✅ Google DNS:53 — UP
[2026-05-02 19:00:01] ✅ Cloudflare:53 — UP
[2026-05-02 19:00:01] ❌ GitHub:443 — DOWN
[2026-05-02 19:00:01] ✅ Oracle Cloud:443 — UP
[2026-05-02 19:05:01] ✅ Google DNS:53 — UP
[2026-05-02 19:05:01] ✅ Cloudflare:53 — UP
[2026-05-02 19:05:01] ❌ GitHub:443 — DOWN
[2026-05-02 19:05:01] ✅ Oracle Cloud:443 — UP
[2026-05-02 19:10:01] ✅ Google DNS:53 — UP
[2026-05-02 19:10:01] ✅ Cloudflare:53 — UP
[2026-05-02 19:10:01] ❌ GitHub:443 — DOWN
[2026-05-02 19:10:01] ✅ Oracle Cloud:443 — UP
[2026-05-02 19:15:01] ✅ Google DNS:53 — UP
[2026-05-02 19:15:01] ✅ Cloudflare:53 — UP
[2026-05-02 19:15:01] ❌ GitHub:443 — DOWN
[2026-05-02 19:15:01] ✅ Oracle Cloud:443 — UP
[2026-05-02 19:20:01] ✅ Google DNS:53 — UP
[2026-05-02 19:20:01] ✅ Cloudflare:53 — UP
[2026-05-02 19:20:01] ❌ GitHub:443 — DOWN
[2026-05-02 19:20:01] ✅ Oracle Cloud:443 — UP
[2026-05-02 19:25:01] ✅ Google DNS:53 — UP
[2026-05-02 19:25:01] ✅ Cloudflare:53 — UP
[2026-05-02 19:25:01] ❌ GitHub:443 — DOWN
[2026-05-02 19:25:01] ✅ Oracle Cloud:443 — UP
[2026-05-02 19:30:01] ✅ Google DNS:53 — UP
[2026-05-02 19:30:01] ✅ Cloudflare:53 — UP
[2026-05-02 19:30:01] ❌ GitHub:443 — DOWN
[2026-05-02 19:30:01] ✅ Oracle Cloud:443 — UP
[2026-05-02 19:35:01] ✅ Google DNS:53 — UP
[2026-05-02 19:35:01] ✅ Cloudflare:53 — UP
[2026-05-02 19:35:01] ❌ GitHub:443 — DOWN
[2026-05-02 19:35:01] ✅ Oracle Cloud:443 — UP
[2026-05-02 19:40:01] ✅ Google DNS:53 — UP
[2026-05-02 19:40:01] ✅ Cloudflare:53 — UP
[2026-05-02 19:40:01] ❌ GitHub:443 — DOWN
[2026-05-02 19:40:01] ✅ Oracle Cloud:443 — UP
[2026-05-02 19:45:01] ✅ Google DNS:53 — UP
[2026-05-02 19:45:01] ✅ Cloudflare:53 — UP
[2026-05-02 19:45:01] ❌ GitHub:443 — DOWN
[2026-05-02 19:45:01] ✅ Oracle Cloud:443 — UP
[2026-05-02 19:50:01] ✅ Google DNS:53 — UP
[2026-05-02 19:50:01] ✅ Cloudflare:53 — UP
[2026-05-02 19:50:01] ❌ GitHub:443 — DOWN
[2026-05-02 19:50:01] ✅ Oracle Cloud:443 — UP
[2026-05-02 19:55:01] ✅ Google DNS:53 — UP
[2026-05-02 19:55:01] ✅ Cloudflare:53 — UP
[2026-05-02 19:55:01] ❌ GitHub:443 — DOWN
[2026-05-02 19:55:01] ✅ Oracle Cloud:443 — UP
[2026-05-02 20:00:01] ✅ Google DNS:53 — UP
[2026-05-02 20:00:01] ✅ Cloudflare:53 — UP
[2026-05-02 20:00:01] ❌ GitHub:443 — DOWN
[2026-05-02 20:00:01] ✅ Oracle Cloud:443 — UP
[2026-05-02 20:05:01] ✅ Google DNS:53 — UP
[2026-05-02 20:05:01] ✅ Cloudflare:53 — UP
[2026-05-02 20:05:01] ❌ GitHub:443 — DOWN
[2026-05-02 20:05:01] ✅ Oracle Cloud:443 — UP
[2026-05-02 20:10:01] ✅ Google DNS:53 — UP
[2026-05-02 20:10:01] ✅ Cloudflare:53 — UP
[2026-05-02 20:10:01] ❌ GitHub:443 — DOWN
[2026-05-02 20:10:01] ✅ Oracle Cloud:443 — UP
[2026-05-02 20:15:01] ✅ Google DNS:53 — UP
[2026-05-02 20:15:01] ✅ Cloudflare:53 — UP
[2026-05-02 20:15:01] ❌ GitHub:443 — DOWN
[2026-05-02 20:15:01] ✅ Oracle Cloud:443 — UP
[2026-05-02 20:20:01] ✅ Google DNS:53 — UP
[2026-05-02 20:20:01] ✅ Cloudflare:53 — UP
[2026-05-02 20:20:01] ❌ GitHub:443 — DOWN
[2026-05-02 20:20:01] ✅ Oracle Cloud:443 — UP
[2026-05-02 20:25:01] ✅ Google DNS:53 — UP
[2026-05-02 20:25:01] ✅ Cloudflare:53 — UP
[2026-05-02 20:25:01] ❌ GitHub:443 — DOWN
[2026-05-02 20:25:01] ✅ Oracle Cloud:443 — UP
[2026-05-02 20:30:01] ✅ Google DNS:53 — UP
[2026-05-02 20:30:01] ✅ Cloudflare:53 — UP
[2026-05-02 20:30:01] ❌ GitHub:443 — DOWN
[2026-05-02 20:30:01] ✅ Oracle Cloud:443 — UP
[2026-05-02 20:35:02] ✅ Google DNS:53 — UP
[2026-05-02 20:35:02] ✅ Cloudflare:53 — UP
[2026-05-02 20:35:02] ❌ GitHub:443 — DOWN
[2026-05-02 20:35:02] ✅ Oracle Cloud:443 — UP
[2026-05-02 20:40:01] ✅ Google DNS:53 — UP
[2026-05-02 20:40:01] ✅ Cloudflare:53 — UP
[2026-05-02 20:40:01] ❌ GitHub:443 — DOWN
[2026-05-02 20:40:01] ✅ Oracle Cloud:443 — UP
[2026-05-02 20:45:01] ✅ Google DNS:53 — UP
[2026-05-02 20:45:01] ✅ Cloudflare:53 — UP
[2026-05-02 20:45:01] ❌ GitHub:443 — DOWN
[2026-05-02 20:45:01] ✅ Oracle Cloud:443 — UP
[2026-05-02 20:50:01] ✅ Google DNS:53 — UP
[2026-05-02 20:50:01] ✅ Cloudflare:53 — UP
[2026-05-02 20:50:01] ❌ GitHub:443 — DOWN
[2026-05-02 20:50:01] ✅ Oracle Cloud:443 — UP
[2026-05-02 20:55:01] ✅ Google DNS:53 — UP
[2026-05-02 20:55:01] ✅ Cloudflare:53 — UP
[2026-05-02 20:55:01] ❌ GitHub:443 — DOWN
[2026-05-02 20:55:01] ✅ Oracle Cloud:443 — UP
[2026-05-02 21:00:01] ✅ Google DNS:53 — UP
[2026-05-02 21:00:01] ✅ Cloudflare:53 — UP
[2026-05-02 21:00:01] ❌ GitHub:443 — DOWN
[2026-05-02 21:00:01] ✅ Oracle Cloud:443 — UP
[2026-05-02 21:05:01] ✅ Google DNS:53 — UP
[2026-05-02 21:05:01] ✅ Cloudflare:53 — UP
[2026-05-02 21:05:01] ❌ GitHub:443 — DOWN
[2026-05-02 21:05:01] ✅ Oracle Cloud:443 — UP
[2026-05-02 21:10:01] ✅ Google DNS:53 — UP
[2026-05-02 21:10:01] ✅ Cloudflare:53 — UP
[2026-05-02 21:10:01] ❌ GitHub:443 — DOWN
[2026-05-02 21:10:01] ✅ Oracle Cloud:443 — UP
[2026-05-02 21:15:01] ✅ Google DNS:53 — UP
[2026-05-02 21:15:01] ✅ Cloudflare:53 — UP
[2026-05-02 21:15:01] ❌ GitHub:443 — DOWN
[2026-05-02 21:15:01] ✅ Oracle Cloud:443 — UP
[2026-05-02 21:20:01] ✅ Google DNS:53 — UP
[2026-05-02 21:20:01] ✅ Cloudflare:53 — UP
[2026-05-02 21:20:01] ❌ GitHub:443 — DOWN
[2026-05-02 21:20:01] ✅ Oracle Cloud:443 — UP
[2026-05-02 21:25:01] ✅ Google DNS:53 — UP
[2026-05-02 21:25:01] ✅ Cloudflare:53 — UP
[2026-05-02 21:25:01] ❌ GitHub:443 — DOWN
[2026-05-02 21:25:01] ✅ Oracle Cloud:443 — UP
[2026-05-02 21:30:01] ✅ Google DNS:53 — UP
[2026-05-02 21:30:01] ✅ Cloudflare:53 — UP
[2026-05-02 21:30:01] ❌ GitHub:443 — DOWN
[2026-05-02 21:30:01] ✅ Oracle Cloud:443 — UP
[2026-05-02 21:35:01] ✅ Google DNS:53 — UP
[2026-05-02 21:35:01] ✅ Cloudflare:53 — UP
[2026-05-02 21:35:01] ❌ GitHub:443 — DOWN
[2026-05-02 21:35:01] ✅ Oracle Cloud:443 — UP
[2026-05-02 21:40:01] ✅ Google DNS:53 — UP
[2026-05-02 21:40:01] ✅ Cloudflare:53 — UP
[2026-05-02 21:40:01] ❌ GitHub:443 — DOWN
[2026-05-02 21:40:01] ✅ Oracle Cloud:443 — UP
[2026-05-02 21:45:01] ✅ Google DNS:53 — UP
[2026-05-02 21:45:01] ✅ Cloudflare:53 — UP
[2026-05-02 21:45:01] ❌ GitHub:443 — DOWN
[2026-05-02 21:45:01] ✅ Oracle Cloud:443 — UP
[2026-05-02 21:50:01] ✅ Google DNS:53 — UP
[2026-05-02 21:50:01] ✅ Cloudflare:53 — UP
[2026-05-02 21:50:01] ❌ GitHub:443 — DOWN
[2026-05-02 21:50:01] ✅ Oracle Cloud:443 — UP
[2026-05-02 21:55:01] ✅ Google DNS:53 — UP
[2026-05-02 21:55:01] ✅ Cloudflare:53 — UP
[2026-05-02 21:55:01] ❌ GitHub:443 — DOWN
[2026-05-02 21:55:01] ✅ Oracle Cloud:443 — UP
[2026-05-02 22:00:02] ✅ Google DNS:53 — UP
[2026-05-02 22:00:02] ✅ Cloudflare:53 — UP
[2026-05-02 22:00:02] ❌ GitHub:443 — DOWN
[2026-05-02 22:00:02] ✅ Oracle Cloud:443 — UP
[2026-05-02 22:05:01] ✅ Google DNS:53 — UP
[2026-05-02 22:05:01] ✅ Cloudflare:53 — UP
[2026-05-02 22:05:01] ❌ GitHub:443 — DOWN
[2026-05-02 22:05:01] ✅ Oracle Cloud:443 — UP
[2026-05-02 22:10:01] ✅ Google DNS:53 — UP
[2026-05-02 22:10:01] ✅ Cloudflare:53 — UP
[2026-05-02 22:10:01] ❌ GitHub:443 — DOWN
[2026-05-02 22:10:01] ✅ Oracle Cloud:443 — UP
[2026-05-02 22:15:01] ✅ Google DNS:53 — UP
[2026-05-02 22:15:01] ✅ Cloudflare:53 — UP
[2026-05-02 22:15:01] ❌ GitHub:443 — DOWN
[2026-05-02 22:15:01] ✅ Oracle Cloud:443 — UP
[2026-05-02 22:20:01] ✅ Google DNS:53 — UP
[2026-05-02 22:20:01] ✅ Cloudflare:53 — UP
[2026-05-02 22:20:01] ❌ GitHub:443 — DOWN
[2026-05-02 22:20:01] ✅ Oracle Cloud:443 — UP
[2026-05-02 22:25:01] ✅ Google DNS:53 — UP
[2026-05-02 22:25:01] ✅ Cloudflare:53 — UP
[2026-05-02 22:25:01] ❌ GitHub:443 — DOWN
[2026-05-02 22:25:01] ✅ Oracle Cloud:443 — UP
[2026-05-02 22:30:01] ✅ Google DNS:53 — UP
[2026-05-02 22:30:01] ✅ Cloudflare:53 — UP
[2026-05-02 22:30:01] ❌ GitHub:443 — DOWN
[2026-05-02 22:30:01] ✅ Oracle Cloud:443 — UP
[2026-05-02 22:35:01] ✅ Google DNS:53 — UP
[2026-05-02 22:35:01] ✅ Cloudflare:53 — UP
[2026-05-02 22:35:01] ❌ GitHub:443 — DOWN
[2026-05-02 22:35:01] ✅ Oracle Cloud:443 — UP
[2026-05-02 22:40:01] ✅ Google DNS:53 — UP
[2026-05-02 22:40:01] ✅ Cloudflare:53 — UP
[2026-05-02 22:40:01] ❌ GitHub:443 — DOWN
[2026-05-02 22:40:01] ✅ Oracle Cloud:443 — UP
[2026-05-02 22:45:01] ✅ Google DNS:53 — UP
[2026-05-02 22:45:01] ✅ Cloudflare:53 — UP
[2026-05-02 22:45:01] ❌ GitHub:443 — DOWN
[2026-05-02 22:45:01] ✅ Oracle Cloud:443 — UP
[2026-05-02 22:50:01] ✅ Google DNS:53 — UP
[2026-05-02 22:50:01] ✅ Cloudflare:53 — UP
[2026-05-02 22:50:01] ❌ GitHub:443 — DOWN
[2026-05-02 22:50:01] ✅ Oracle Cloud:443 — UP
[2026-05-02 22:55:01] ✅ Google DNS:53 — UP
[2026-05-02 22:55:01] ✅ Cloudflare:53 — UP
[2026-05-02 22:55:01] ❌ GitHub:443 — DOWN
[2026-05-02 22:55:01] ✅ Oracle Cloud:443 — UP
[2026-05-02 23:00:01] ✅ Google DNS:53 — UP
[2026-05-02 23:00:01] ✅ Cloudflare:53 — UP
[2026-05-02 23:00:01] ❌ GitHub:443 — DOWN
[2026-05-02 23:00:01] ✅ Oracle Cloud:443 — UP
[2026-05-02 23:05:01] ✅ Google DNS:53 — UP
[2026-05-02 23:05:01] ✅ Cloudflare:53 — UP
[2026-05-02 23:05:01] ❌ GitHub:443 — DOWN
[2026-05-02 23:05:01] ✅ Oracle Cloud:443 — UP
[2026-05-02 23:10:01] ✅ Google DNS:53 — UP
[2026-05-02 23:10:01] ✅ Cloudflare:53 — UP
[2026-05-02 23:10:01] ❌ GitHub:443 — DOWN
[2026-05-02 23:10:01] ✅ Oracle Cloud:443 — UP
[2026-05-02 23:15:01] ✅ Google DNS:53 — UP
[2026-05-02 23:15:01] ✅ Cloudflare:53 — UP
[2026-05-02 23:15:01] ❌ GitHub:443 — DOWN
[2026-05-02 23:15:01] ✅ Oracle Cloud:443 — UP
[2026-05-02 23:20:01] ✅ Google DNS:53 — UP
[2026-05-02 23:20:01] ✅ Cloudflare:53 — UP
[2026-05-02 23:20:01] ❌ GitHub:443 — DOWN
[2026-05-02 23:20:01] ✅ Oracle Cloud:443 — UP
[2026-05-02 23:25:01] ✅ Google DNS:53 — UP
[2026-05-02 23:25:01] ✅ Cloudflare:53 — UP
[2026-05-02 23:25:01] ❌ GitHub:443 — DOWN
[2026-05-02 23:25:01] ✅ Oracle Cloud:443 — UP
[2026-05-02 23:30:01] ✅ Google DNS:53 — UP
[2026-05-02 23:30:01] ✅ Cloudflare:53 — UP
[2026-05-02 23:30:01] ❌ GitHub:443 — DOWN
[2026-05-02 23:30:01] ✅ Oracle Cloud:443 — UP
[2026-05-02 23:35:01] ✅ Google DNS:53 — UP
[2026-05-02 23:35:01] ✅ Cloudflare:53 — UP
[2026-05-02 23:35:01] ❌ GitHub:443 — DOWN
[2026-05-02 23:35:01] ✅ Oracle Cloud:443 — UP
[2026-05-02 23:40:01] ✅ Google DNS:53 — UP
[2026-05-02 23:40:01] ✅ Cloudflare:53 — UP
[2026-05-02 23:40:01] ❌ GitHub:443 — DOWN
[2026-05-02 23:40:01] ✅ Oracle Cloud:443 — UP
[2026-05-02 23:45:01] ✅ Google DNS:53 — UP
[2026-05-02 23:45:01] ✅ Cloudflare:53 — UP
[2026-05-02 23:45:01] ❌ GitHub:443 — DOWN
[2026-05-02 23:45:01] ✅ Oracle Cloud:443 — UP
[2026-05-02 23:50:01] ✅ Google DNS:53 — UP
[2026-05-02 23:50:01] ✅ Cloudflare:53 — UP
[2026-05-02 23:50:01] ❌ GitHub:443 — DOWN
[2026-05-02 23:50:01] ✅ Oracle Cloud:443 — UP
[2026-05-02 23:55:01] ✅ Google DNS:53 — UP
[2026-05-02 23:55:01] ✅ Cloudflare:53 — UP
[2026-05-02 23:55:01] ❌ GitHub:443 — DOWN
[2026-05-02 23:55:01] ✅ Oracle Cloud:443 — UP
[2026-05-03 00:00:01] ✅ Google DNS:53 — UP
[2026-05-03 00:00:01] ✅ Cloudflare:53 — UP
[2026-05-03 00:00:01] ❌ GitHub:443 — DOWN
[2026-05-03 00:00:01] ✅ Oracle Cloud:443 — UP
[2026-05-03 00:05:01] ✅ Google DNS:53 — UP
[2026-05-03 00:05:01] ✅ Cloudflare:53 — UP
[2026-05-03 00:05:01] ❌ GitHub:443 — DOWN
[2026-05-03 00:05:01] ✅ Oracle Cloud:443 — UP
[2026-05-03 00:10:01] ✅ Google DNS:53 — UP
[2026-05-03 00:10:01] ✅ Cloudflare:53 — UP
[2026-05-03 00:10:01] ❌ GitHub:443 — DOWN
[2026-05-03 00:10:01] ✅ Oracle Cloud:443 — UP
[2026-05-03 00:15:01] ✅ Google DNS:53 — UP
[2026-05-03 00:15:01] ✅ Cloudflare:53 — UP
[2026-05-03 00:15:01] ❌ GitHub:443 — DOWN
[2026-05-03 00:15:01] ✅ Oracle Cloud:443 — UP
[2026-05-03 00:20:01] ✅ Google DNS:53 — UP
[2026-05-03 00:20:01] ✅ Cloudflare:53 — UP
[2026-05-03 00:20:01] ❌ GitHub:443 — DOWN
[2026-05-03 00:20:01] ✅ Oracle Cloud:443 — UP
[2026-05-03 00:25:02] ✅ Google DNS:53 — UP
[2026-05-03 00:25:02] ✅ Cloudflare:53 — UP
[2026-05-03 00:25:02] ❌ GitHub:443 — DOWN
[2026-05-03 00:25:02] ✅ Oracle Cloud:443 — UP
[2026-05-03 00:30:01] ✅ Google DNS:53 — UP
[2026-05-03 00:30:01] ✅ Cloudflare:53 — UP
[2026-05-03 00:30:01] ❌ GitHub:443 — DOWN
[2026-05-03 00:30:01] ✅ Oracle Cloud:443 — UP
[2026-05-03 00:35:01] ✅ Google DNS:53 — UP
[2026-05-03 00:35:01] ✅ Cloudflare:53 — UP
[2026-05-03 00:35:01] ❌ GitHub:443 — DOWN
[2026-05-03 00:35:01] ✅ Oracle Cloud:443 — UP
[2026-05-03 00:40:01] ✅ Google DNS:53 — UP
[2026-05-03 00:40:01] ✅ Cloudflare:53 — UP
[2026-05-03 00:40:01] ❌ GitHub:443 — DOWN
[2026-05-03 00:40:01] ✅ Oracle Cloud:443 — UP
[2026-05-03 00:45:02] ✅ Google DNS:53 — UP
[2026-05-03 00:45:02] ✅ Cloudflare:53 — UP
[2026-05-03 00:45:02] ❌ GitHub:443 — DOWN
[2026-05-03 00:45:02] ✅ Oracle Cloud:443 — UP
[2026-05-03 00:50:01] ✅ Google DNS:53 — UP
[2026-05-03 00:50:01] ✅ Cloudflare:53 — UP
[2026-05-03 00:50:01] ❌ GitHub:443 — DOWN
[2026-05-03 00:50:01] ✅ Oracle Cloud:443 — UP
[2026-05-03 00:55:01] ✅ Google DNS:53 — UP
[2026-05-03 00:55:01] ✅ Cloudflare:53 — UP
[2026-05-03 00:55:01] ❌ GitHub:443 — DOWN
[2026-05-03 00:55:01] ✅ Oracle Cloud:443 — UP
[2026-05-03 01:00:01] ✅ Google DNS:53 — UP
[2026-05-03 01:00:01] ✅ Cloudflare:53 — UP
[2026-05-03 01:00:01] ❌ GitHub:443 — DOWN
[2026-05-03 01:00:01] ✅ Oracle Cloud:443 — UP
[2026-05-03 01:05:01] ✅ Google DNS:53 — UP
[2026-05-03 01:05:01] ✅ Cloudflare:53 — UP
[2026-05-03 01:05:01] ❌ GitHub:443 — DOWN
[2026-05-03 01:05:01] ✅ Oracle Cloud:443 — UP
[2026-05-03 01:10:01] ✅ Google DNS:53 — UP
[2026-05-03 01:10:01] ✅ Cloudflare:53 — UP
[2026-05-03 01:10:01] ❌ GitHub:443 — DOWN
[2026-05-03 01:10:01] ✅ Oracle Cloud:443 — UP
[2026-05-03 01:15:01] ✅ Google DNS:53 — UP
[2026-05-03 01:15:01] ✅ Cloudflare:53 — UP
[2026-05-03 01:15:01] ❌ GitHub:443 — DOWN
[2026-05-03 01:15:01] ✅ Oracle Cloud:443 — UP
[2026-05-03 01:20:01] ✅ Google DNS:53 — UP
[2026-05-03 01:20:01] ✅ Cloudflare:53 — UP
[2026-05-03 01:20:01] ❌ GitHub:443 — DOWN
[2026-05-03 01:20:01] ✅ Oracle Cloud:443 — UP
[2026-05-03 01:25:01] ✅ Google DNS:53 — UP
[2026-05-03 01:25:01] ✅ Cloudflare:53 — UP
[2026-05-03 01:25:01] ❌ GitHub:443 — DOWN
[2026-05-03 01:25:01] ✅ Oracle Cloud:443 — UP
[2026-05-03 01:30:01] ✅ Google DNS:53 — UP
[2026-05-03 01:30:01] ✅ Cloudflare:53 — UP
[2026-05-03 01:30:01] ❌ GitHub:443 — DOWN
[2026-05-03 01:30:01] ✅ Oracle Cloud:443 — UP
[2026-05-03 01:35:01] ✅ Google DNS:53 — UP
[2026-05-03 01:35:01] ✅ Cloudflare:53 — UP
[2026-05-03 01:35:01] ❌ GitHub:443 — DOWN
[2026-05-03 01:35:01] ✅ Oracle Cloud:443 — UP
[2026-05-03 01:40:01] ✅ Google DNS:53 — UP
[2026-05-03 01:40:01] ✅ Cloudflare:53 — UP
[2026-05-03 01:40:01] ❌ GitHub:443 — DOWN
[2026-05-03 01:40:01] ✅ Oracle Cloud:443 — UP
[2026-05-03 01:45:01] ✅ Google DNS:53 — UP
[2026-05-03 01:45:01] ✅ Cloudflare:53 — UP
[2026-05-03 01:45:01] ❌ GitHub:443 — DOWN
[2026-05-03 01:45:01] ✅ Oracle Cloud:443 — UP
[2026-05-03 01:50:01] ✅ Google DNS:53 — UP
[2026-05-03 01:50:01] ✅ Cloudflare:53 — UP
[2026-05-03 01:50:01] ❌ GitHub:443 — DOWN
[2026-05-03 01:50:01] ✅ Oracle Cloud:443 — UP
[2026-05-03 01:55:01] ✅ Google DNS:53 — UP
[2026-05-03 01:55:01] ✅ Cloudflare:53 — UP
[2026-05-03 01:55:01] ❌ GitHub:443 — DOWN
[2026-05-03 01:55:01] ✅ Oracle Cloud:443 — UP
[2026-05-03 02:00:01] ✅ Google DNS:53 — UP
[2026-05-03 02:00:01] ✅ Cloudflare:53 — UP
[2026-05-03 02:00:01] ❌ GitHub:443 — DOWN
[2026-05-03 02:00:01] ✅ Oracle Cloud:443 — UP
[2026-05-03 02:05:01] ✅ Google DNS:53 — UP
[2026-05-03 02:05:01] ✅ Cloudflare:53 — UP
[2026-05-03 02:05:01] ❌ GitHub:443 — DOWN
[2026-05-03 02:05:01] ✅ Oracle Cloud:443 — UP
[2026-05-03 02:10:02] ✅ Google DNS:53 — UP
[2026-05-03 02:10:02] ✅ Cloudflare:53 — UP
[2026-05-03 02:10:02] ❌ GitHub:443 — DOWN
[2026-05-03 02:10:02] ✅ Oracle Cloud:443 — UP
[2026-05-03 02:15:01] ✅ Google DNS:53 — UP
[2026-05-03 02:15:01] ✅ Cloudflare:53 — UP
[2026-05-03 02:15:01] ❌ GitHub:443 — DOWN
[2026-05-03 02:15:01] ✅ Oracle Cloud:443 — UP
[2026-05-03 02:20:01] ✅ Google DNS:53 — UP
[2026-05-03 02:20:01] ✅ Cloudflare:53 — UP
[2026-05-03 02:20:01] ❌ GitHub:443 — DOWN
[2026-05-03 02:20:01] ✅ Oracle Cloud:443 — UP
[2026-05-03 02:25:01] ✅ Google DNS:53 — UP
[2026-05-03 02:25:01] ✅ Cloudflare:53 — UP
[2026-05-03 02:25:01] ❌ GitHub:443 — DOWN
[2026-05-03 02:25:01] ✅ Oracle Cloud:443 — UP
[2026-05-03 02:30:01] ✅ Google DNS:53 — UP
[2026-05-03 02:30:01] ✅ Cloudflare:53 — UP
[2026-05-03 02:30:01] ❌ GitHub:443 — DOWN
[2026-05-03 02:30:01] ✅ Oracle Cloud:443 — UP
[2026-05-03 02:35:01] ✅ Google DNS:53 — UP
[2026-05-03 02:35:01] ✅ Cloudflare:53 — UP
[2026-05-03 02:35:01] ❌ GitHub:443 — DOWN
[2026-05-03 02:35:01] ✅ Oracle Cloud:443 — UP
[2026-05-03 02:40:01] ✅ Google DNS:53 — UP
[2026-05-03 02:40:01] ✅ Cloudflare:53 — UP
[2026-05-03 02:40:01] ✅ GitHub:443 — UP
[2026-05-03 02:40:01] ✅ Oracle Cloud:443 — UP
